{
  "/Users/tning/Documents/mi-tao/sam-and-his-friends/app.js": {
    "path": "/Users/tning/Documents/mi-tao/sam-and-his-friends/app.js",
    "statementMap": {
      "0": {
        "start": { "line": 1, "column": 20 },
        "end": { "line": 1, "column": 42 }
      },
      "1": {
        "start": { "line": 2, "column": 16 },
        "end": { "line": 2, "column": 34 }
      },
      "2": {
        "start": { "line": 3, "column": 13 },
        "end": { "line": 3, "column": 28 }
      },
      "3": {
        "start": { "line": 4, "column": 21 },
        "end": { "line": 4, "column": 45 }
      },
      "4": {
        "start": { "line": 5, "column": 15 },
        "end": { "line": 5, "column": 32 }
      },
      "5": {
        "start": { "line": 6, "column": 12 },
        "end": { "line": 6, "column": 26 }
      },
      "6": {
        "start": { "line": 8, "column": 0 },
        "end": { "line": 8, "column": 71 }
      },
      "7": {
        "start": { "line": 9, "column": 0 },
        "end": { "line": 9, "column": 31 }
      },
      "8": {
        "start": { "line": 11, "column": 22 },
        "end": { "line": 11, "column": 47 }
      },
      "9": {
        "start": { "line": 12, "column": 20 },
        "end": { "line": 12, "column": 45 }
      },
      "10": {
        "start": { "line": 13, "column": 25 },
        "end": { "line": 13, "column": 56 }
      },
      "11": {
        "start": { "line": 14, "column": 18 },
        "end": { "line": 14, "column": 45 }
      },
      "12": {
        "start": { "line": 16, "column": 0 },
        "end": { "line": 64, "column": 2 }
      },
      "13": {
        "start": { "line": 17, "column": 1 },
        "end": { "line": 17, "column": 59 }
      },
      "14": {
        "start": { "line": 18, "column": 1 },
        "end": { "line": 18, "column": 31 }
      },
      "15": {
        "start": { "line": 19, "column": 1 },
        "end": { "line": 19, "column": 69 }
      },
      "16": {
        "start": { "line": 21, "column": 1 },
        "end": { "line": 21, "column": 24 }
      },
      "17": {
        "start": { "line": 22, "column": 1 },
        "end": { "line": 22, "column": 25 }
      },
      "18": {
        "start": { "line": 23, "column": 1 },
        "end": { "line": 23, "column": 50 }
      },
      "19": {
        "start": { "line": 24, "column": 1 },
        "end": { "line": 24, "column": 25 }
      },
      "20": {
        "start": { "line": 26, "column": 1 },
        "end": { "line": 26, "column": 57 }
      },
      "21": {
        "start": { "line": 28, "column": 1 },
        "end": { "line": 28, "column": 29 }
      },
      "22": {
        "start": { "line": 29, "column": 1 },
        "end": { "line": 29, "column": 45 }
      },
      "23": {
        "start": { "line": 32, "column": 1 },
        "end": { "line": 34, "column": 4 }
      },
      "24": {
        "start": { "line": 33, "column": 2 },
        "end": { "line": 33, "column": 25 }
      },
      "25": {
        "start": { "line": 38, "column": 1 },
        "end": { "line": 61, "column": 4 }
      },
      "26": {
        "start": { "line": 41, "column": 17 },
        "end": { "line": 41, "column": 24 }
      },
      "27": {
        "start": { "line": 44, "column": 16 },
        "end": { "line": 44, "column": 33 }
      },
      "28": {
        "start": { "line": 46, "column": 2 },
        "end": { "line": 46, "column": 32 }
      },
      "29": {
        "start": { "line": 48, "column": 2 },
        "end": { "line": 60, "column": 3 }
      },
      "30": {
        "start": { "line": 49, "column": 3 },
        "end": { "line": 52, "column": 6 }
      },
      "31": {
        "start": { "line": 54, "column": 3 },
        "end": { "line": 59, "column": 6 }
      },
      "32": {
        "start": { "line": 63, "column": 1 },
        "end": { "line": 63, "column": 12 }
      }
    },
    "fnMap": {
      "0": {
        "name": "(anonymous_0)",
        "decl": {
          "start": { "line": 16, "column": 17 },
          "end": { "line": 16, "column": 18 }
        },
        "loc": {
          "start": { "line": 16, "column": 38 },
          "end": { "line": 64, "column": 1 }
        },
        "line": 16
      },
      "1": {
        "name": "(anonymous_1)",
        "decl": {
          "start": { "line": 32, "column": 9 },
          "end": { "line": 32, "column": 10 }
        },
        "loc": {
          "start": { "line": 32, "column": 29 },
          "end": { "line": 34, "column": 2 }
        },
        "line": 32
      },
      "2": {
        "name": "(anonymous_2)",
        "decl": {
          "start": { "line": 38, "column": 9 },
          "end": { "line": 38, "column": 10 }
        },
        "loc": {
          "start": { "line": 38, "column": 34 },
          "end": { "line": 61, "column": 2 }
        },
        "line": 38
      }
    },
    "branchMap": {
      "0": {
        "loc": {
          "start": { "line": 16, "column": 18 },
          "end": { "line": 16, "column": 33 }
        },
        "type": "default-arg",
        "locations": [
          {
            "start": { "line": 16, "column": 24 },
            "end": { "line": 16, "column": 33 }
          }
        ],
        "line": 16
      },
      "1": {
        "loc": {
          "start": { "line": 44, "column": 16 },
          "end": { "line": 44, "column": 33 }
        },
        "type": "cond-expr",
        "locations": [
          {
            "start": { "line": 44, "column": 25 },
            "end": { "line": 44, "column": 27 }
          },
          {
            "start": { "line": 44, "column": 30 },
            "end": { "line": 44, "column": 33 }
          }
        ],
        "line": 44
      },
      "2": {
        "loc": {
          "start": { "line": 46, "column": 13 },
          "end": { "line": 46, "column": 30 }
        },
        "type": "binary-expr",
        "locations": [
          {
            "start": { "line": 46, "column": 13 },
            "end": { "line": 46, "column": 23 }
          },
          {
            "start": { "line": 46, "column": 27 },
            "end": { "line": 46, "column": 30 }
          }
        ],
        "line": 46
      },
      "3": {
        "loc": {
          "start": { "line": 48, "column": 2 },
          "end": { "line": 60, "column": 3 }
        },
        "type": "if",
        "locations": [
          {
            "start": { "line": 48, "column": 2 },
            "end": { "line": 60, "column": 3 }
          },
          {
            "start": { "line": 48, "column": 2 },
            "end": { "line": 60, "column": 3 }
          }
        ],
        "line": 48
      }
    },
    "s": {
      "0": 2,
      "1": 2,
      "2": 2,
      "3": 2,
      "4": 2,
      "5": 2,
      "6": 2,
      "7": 2,
      "8": 2,
      "9": 2,
      "10": 2,
      "11": 2,
      "12": 2,
      "13": 3,
      "14": 3,
      "15": 3,
      "16": 3,
      "17": 3,
      "18": 3,
      "19": 3,
      "20": 3,
      "21": 3,
      "22": 3,
      "23": 3,
      "24": 0,
      "25": 3,
      "26": 3,
      "27": 3,
      "28": 3,
      "29": 3,
      "30": 0,
      "31": 3,
      "32": 3
    },
    "f": { "0": 3, "1": 0, "2": 3 },
    "b": { "0": [3], "1": [3, 0], "2": [3, 3], "3": [0, 3] },
    "_coverageSchema": "43e27e138ebf9cfc5966b082cf9a028302ed4184",
    "hash": "e9a98847063094669ed12bf1762900e3558231c9"
  },
  "/Users/tning/Documents/mi-tao/sam-and-his-friends/data/cache/active-users.js": {
    "path": "/Users/tning/Documents/mi-tao/sam-and-his-friends/data/cache/active-users.js",
    "statementMap": {
      "0": {
        "start": { "line": 6, "column": 14 },
        "end": { "line": 6, "column": 71 }
      },
      "1": {
        "start": { "line": 7, "column": 14 },
        "end": { "line": 7, "column": 30 }
      },
      "2": {
        "start": { "line": 8, "column": 22 },
        "end": { "line": 8, "column": 37 }
      },
      "3": {
        "start": { "line": 10, "column": 25 },
        "end": { "line": 10, "column": 60 }
      },
      "4": {
        "start": { "line": 11, "column": 18 },
        "end": { "line": 11, "column": 63 }
      },
      "5": {
        "start": { "line": 13, "column": 15 },
        "end": { "line": 13, "column": 46 }
      },
      "6": {
        "start": { "line": 14, "column": 15 },
        "end": { "line": 14, "column": 71 }
      },
      "7": {
        "start": { "line": 15, "column": 20 },
        "end": { "line": 18, "column": 1 }
      },
      "8": {
        "start": { "line": 20, "column": 0 },
        "end": { "line": 22, "column": 3 }
      },
      "9": {
        "start": { "line": 21, "column": 1 },
        "end": { "line": 21, "column": 23 }
      },
      "10": {
        "start": { "line": 24, "column": 0 },
        "end": { "line": 26, "column": 3 }
      },
      "11": {
        "start": { "line": 25, "column": 1 },
        "end": { "line": 25, "column": 16 }
      },
      "12": {
        "start": { "line": 28, "column": 0 },
        "end": { "line": 30, "column": 3 }
      },
      "13": {
        "start": { "line": 29, "column": 1 },
        "end": { "line": 29, "column": 18 }
      },
      "14": {
        "start": { "line": 37, "column": 1 },
        "end": { "line": 41, "column": 3 }
      },
      "15": {
        "start": { "line": 49, "column": 0 },
        "end": { "line": 55, "column": 2 }
      },
      "16": {
        "start": { "line": 50, "column": 1 },
        "end": { "line": 52, "column": 2 }
      },
      "17": {
        "start": { "line": 51, "column": 2 },
        "end": { "line": 51, "column": 68 }
      },
      "18": {
        "start": { "line": 51, "column": 39 },
        "end": { "line": 51, "column": 65 }
      },
      "19": {
        "start": { "line": 54, "column": 1 },
        "end": { "line": 54, "column": 36 }
      },
      "20": {
        "start": { "line": 63, "column": 0 },
        "end": { "line": 70, "column": 2 }
      },
      "21": {
        "start": { "line": 64, "column": 1 },
        "end": { "line": 69, "column": 48 }
      },
      "22": {
        "start": { "line": 69, "column": 17 },
        "end": { "line": 69, "column": 45 }
      }
    },
    "fnMap": {
      "0": {
        "name": "(anonymous_0)",
        "decl": {
          "start": { "line": 20, "column": 19 },
          "end": { "line": 20, "column": 20 }
        },
        "loc": {
          "start": { "line": 20, "column": 26 },
          "end": { "line": 22, "column": 1 }
        },
        "line": 20
      },
      "1": {
        "name": "(anonymous_1)",
        "decl": {
          "start": { "line": 24, "column": 19 },
          "end": { "line": 24, "column": 20 }
        },
        "loc": {
          "start": { "line": 24, "column": 25 },
          "end": { "line": 26, "column": 1 }
        },
        "line": 24
      },
      "2": {
        "name": "(anonymous_2)",
        "decl": {
          "start": { "line": 28, "column": 21 },
          "end": { "line": 28, "column": 22 }
        },
        "loc": {
          "start": { "line": 28, "column": 27 },
          "end": { "line": 30, "column": 1 }
        },
        "line": 28
      },
      "3": {
        "name": "addActiveUserToCache",
        "decl": {
          "start": { "line": 36, "column": 9 },
          "end": { "line": 36, "column": 29 }
        },
        "loc": {
          "start": { "line": 36, "column": 36 },
          "end": { "line": 42, "column": 1 }
        },
        "line": 36
      },
      "4": {
        "name": "addActiveUsersToCache",
        "decl": {
          "start": { "line": 49, "column": 41 },
          "end": { "line": 49, "column": 62 }
        },
        "loc": {
          "start": { "line": 49, "column": 70 },
          "end": { "line": 55, "column": 1 }
        },
        "line": 49
      },
      "5": {
        "name": "(anonymous_5)",
        "decl": {
          "start": { "line": 51, "column": 31 },
          "end": { "line": 51, "column": 32 }
        },
        "loc": {
          "start": { "line": 51, "column": 39 },
          "end": { "line": 51, "column": 65 }
        },
        "line": 51
      },
      "6": {
        "name": "getActiveUserFromCache",
        "decl": {
          "start": { "line": 63, "column": 42 },
          "end": { "line": 63, "column": 64 }
        },
        "loc": {
          "start": { "line": 63, "column": 69 },
          "end": { "line": 70, "column": 1 }
        },
        "line": 63
      },
      "7": {
        "name": "(anonymous_7)",
        "decl": {
          "start": { "line": 69, "column": 8 },
          "end": { "line": 69, "column": 9 }
        },
        "loc": {
          "start": { "line": 69, "column": 17 },
          "end": { "line": 69, "column": 45 }
        },
        "line": 69
      }
    },
    "branchMap": {
      "0": {
        "loc": {
          "start": { "line": 14, "column": 15 },
          "end": { "line": 14, "column": 71 }
        },
        "type": "cond-expr",
        "locations": [
          {
            "start": { "line": 14, "column": 24 },
            "end": { "line": 14, "column": 48 }
          },
          {
            "start": { "line": 14, "column": 51 },
            "end": { "line": 14, "column": 71 }
          }
        ],
        "line": 14
      },
      "1": {
        "loc": {
          "start": { "line": 16, "column": 7 },
          "end": { "line": 16, "column": 65 }
        },
        "type": "cond-expr",
        "locations": [
          {
            "start": { "line": 16, "column": 16 },
            "end": { "line": 16, "column": 27 }
          },
          {
            "start": { "line": 16, "column": 30 },
            "end": { "line": 16, "column": 65 }
          }
        ],
        "line": 16
      },
      "2": {
        "loc": {
          "start": { "line": 17, "column": 7 },
          "end": { "line": 17, "column": 65 }
        },
        "type": "cond-expr",
        "locations": [
          {
            "start": { "line": 17, "column": 16 },
            "end": { "line": 17, "column": 27 }
          },
          {
            "start": { "line": 17, "column": 30 },
            "end": { "line": 17, "column": 65 }
          }
        ],
        "line": 17
      },
      "3": {
        "loc": {
          "start": { "line": 50, "column": 1 },
          "end": { "line": 52, "column": 2 }
        },
        "type": "if",
        "locations": [
          {
            "start": { "line": 50, "column": 1 },
            "end": { "line": 52, "column": 2 }
          },
          {
            "start": { "line": 50, "column": 1 },
            "end": { "line": 52, "column": 2 }
          }
        ],
        "line": 50
      },
      "4": {
        "loc": {
          "start": { "line": 69, "column": 17 },
          "end": { "line": 69, "column": 45 }
        },
        "type": "cond-expr",
        "locations": [
          {
            "start": { "line": 69, "column": 24 },
            "end": { "line": 69, "column": 40 }
          },
          {
            "start": { "line": 69, "column": 43 },
            "end": { "line": 69, "column": 45 }
          }
        ],
        "line": 69
      }
    },
    "s": {
      "0": 4,
      "1": 4,
      "2": 4,
      "3": 4,
      "4": 4,
      "5": 4,
      "6": 4,
      "7": 4,
      "8": 4,
      "9": 0,
      "10": 4,
      "11": 0,
      "12": 4,
      "13": 0,
      "14": 38,
      "15": 4,
      "16": 5,
      "17": 5,
      "18": 38,
      "19": 0,
      "20": 4,
      "21": 20,
      "22": 20
    },
    "f": { "0": 0, "1": 0, "2": 0, "3": 38, "4": 5, "5": 38, "6": 20, "7": 20 },
    "b": { "0": [4, 0], "1": [4, 0], "2": [4, 0], "3": [5, 0], "4": [20, 0] },
    "_coverageSchema": "43e27e138ebf9cfc5966b082cf9a028302ed4184",
    "hash": "73403fe4b70fbc4a3636d6d16d225210bbda532a"
  },
  "/Users/tning/Documents/mi-tao/sam-and-his-friends/data/cache/single-post.js": {
    "path": "/Users/tning/Documents/mi-tao/sam-and-his-friends/data/cache/single-post.js",
    "statementMap": {
      "0": {
        "start": { "line": 6, "column": 14 },
        "end": { "line": 6, "column": 71 }
      },
      "1": {
        "start": { "line": 7, "column": 14 },
        "end": { "line": 7, "column": 30 }
      },
      "2": {
        "start": { "line": 8, "column": 22 },
        "end": { "line": 8, "column": 37 }
      },
      "3": {
        "start": { "line": 10, "column": 25 },
        "end": { "line": 10, "column": 60 }
      },
      "4": {
        "start": { "line": 11, "column": 18 },
        "end": { "line": 11, "column": 63 }
      },
      "5": {
        "start": { "line": 13, "column": 15 },
        "end": { "line": 13, "column": 46 }
      },
      "6": {
        "start": { "line": 14, "column": 15 },
        "end": { "line": 14, "column": 71 }
      },
      "7": {
        "start": { "line": 15, "column": 20 },
        "end": { "line": 18, "column": 1 }
      },
      "8": {
        "start": { "line": 20, "column": 0 },
        "end": { "line": 22, "column": 3 }
      },
      "9": {
        "start": { "line": 21, "column": 1 },
        "end": { "line": 21, "column": 23 }
      },
      "10": {
        "start": { "line": 24, "column": 0 },
        "end": { "line": 26, "column": 3 }
      },
      "11": {
        "start": { "line": 25, "column": 1 },
        "end": { "line": 25, "column": 16 }
      },
      "12": {
        "start": { "line": 28, "column": 0 },
        "end": { "line": 30, "column": 3 }
      },
      "13": {
        "start": { "line": 29, "column": 1 },
        "end": { "line": 29, "column": 18 }
      },
      "14": {
        "start": { "line": 36, "column": 0 },
        "end": { "line": 42, "column": 2 }
      },
      "15": {
        "start": { "line": 37, "column": 1 },
        "end": { "line": 41, "column": 3 }
      },
      "16": {
        "start": { "line": 50, "column": 0 },
        "end": { "line": 57, "column": 2 }
      },
      "17": {
        "start": { "line": 51, "column": 1 },
        "end": { "line": 56, "column": 48 }
      },
      "18": {
        "start": { "line": 56, "column": 17 },
        "end": { "line": 56, "column": 45 }
      }
    },
    "fnMap": {
      "0": {
        "name": "(anonymous_0)",
        "decl": {
          "start": { "line": 20, "column": 19 },
          "end": { "line": 20, "column": 20 }
        },
        "loc": {
          "start": { "line": 20, "column": 26 },
          "end": { "line": 22, "column": 1 }
        },
        "line": 20
      },
      "1": {
        "name": "(anonymous_1)",
        "decl": {
          "start": { "line": 24, "column": 19 },
          "end": { "line": 24, "column": 20 }
        },
        "loc": {
          "start": { "line": 24, "column": 25 },
          "end": { "line": 26, "column": 1 }
        },
        "line": 24
      },
      "2": {
        "name": "(anonymous_2)",
        "decl": {
          "start": { "line": 28, "column": 21 },
          "end": { "line": 28, "column": 22 }
        },
        "loc": {
          "start": { "line": 28, "column": 27 },
          "end": { "line": 30, "column": 1 }
        },
        "line": 28
      },
      "3": {
        "name": "addPostToCache",
        "decl": {
          "start": { "line": 36, "column": 34 },
          "end": { "line": 36, "column": 48 }
        },
        "loc": {
          "start": { "line": 36, "column": 55 },
          "end": { "line": 42, "column": 1 }
        },
        "line": 36
      },
      "4": {
        "name": "getPostFromCache",
        "decl": {
          "start": { "line": 50, "column": 36 },
          "end": { "line": 50, "column": 52 }
        },
        "loc": {
          "start": { "line": 50, "column": 57 },
          "end": { "line": 57, "column": 1 }
        },
        "line": 50
      },
      "5": {
        "name": "(anonymous_5)",
        "decl": {
          "start": { "line": 56, "column": 8 },
          "end": { "line": 56, "column": 9 }
        },
        "loc": {
          "start": { "line": 56, "column": 17 },
          "end": { "line": 56, "column": 45 }
        },
        "line": 56
      }
    },
    "branchMap": {
      "0": {
        "loc": {
          "start": { "line": 14, "column": 15 },
          "end": { "line": 14, "column": 71 }
        },
        "type": "cond-expr",
        "locations": [
          {
            "start": { "line": 14, "column": 24 },
            "end": { "line": 14, "column": 48 }
          },
          {
            "start": { "line": 14, "column": 51 },
            "end": { "line": 14, "column": 71 }
          }
        ],
        "line": 14
      },
      "1": {
        "loc": {
          "start": { "line": 16, "column": 7 },
          "end": { "line": 16, "column": 65 }
        },
        "type": "cond-expr",
        "locations": [
          {
            "start": { "line": 16, "column": 16 },
            "end": { "line": 16, "column": 27 }
          },
          {
            "start": { "line": 16, "column": 30 },
            "end": { "line": 16, "column": 65 }
          }
        ],
        "line": 16
      },
      "2": {
        "loc": {
          "start": { "line": 17, "column": 7 },
          "end": { "line": 17, "column": 65 }
        },
        "type": "cond-expr",
        "locations": [
          {
            "start": { "line": 17, "column": 16 },
            "end": { "line": 17, "column": 27 }
          },
          {
            "start": { "line": 17, "column": 30 },
            "end": { "line": 17, "column": 65 }
          }
        ],
        "line": 17
      },
      "3": {
        "loc": {
          "start": { "line": 56, "column": 17 },
          "end": { "line": 56, "column": 45 }
        },
        "type": "cond-expr",
        "locations": [
          {
            "start": { "line": 56, "column": 24 },
            "end": { "line": 56, "column": 40 }
          },
          {
            "start": { "line": 56, "column": 43 },
            "end": { "line": 56, "column": 45 }
          }
        ],
        "line": 56
      }
    },
    "s": {
      "0": 3,
      "1": 3,
      "2": 3,
      "3": 3,
      "4": 3,
      "5": 3,
      "6": 3,
      "7": 3,
      "8": 3,
      "9": 0,
      "10": 3,
      "11": 0,
      "12": 3,
      "13": 0,
      "14": 3,
      "15": 2,
      "16": 3,
      "17": 12,
      "18": 12
    },
    "f": { "0": 0, "1": 0, "2": 0, "3": 2, "4": 12, "5": 12 },
    "b": { "0": [3, 0], "1": [3, 0], "2": [3, 0], "3": [0, 12] },
    "_coverageSchema": "43e27e138ebf9cfc5966b082cf9a028302ed4184",
    "hash": "ac142830e6f617127b361aaa81a786732a242453"
  },
  "/Users/tning/Documents/mi-tao/sam-and-his-friends/data/request/index.js": {
    "path": "/Users/tning/Documents/mi-tao/sam-and-his-friends/data/request/index.js",
    "statementMap": {
      "0": {
        "start": { "line": 6, "column": 14 },
        "end": { "line": 6, "column": 30 }
      },
      "1": {
        "start": { "line": 8, "column": 34 },
        "end": { "line": 8, "column": 76 }
      },
      "2": {
        "start": { "line": 9, "column": 18 },
        "end": { "line": 9, "column": 49 }
      },
      "3": {
        "start": { "line": 10, "column": 16 },
        "end": { "line": 10, "column": 45 }
      },
      "4": {
        "start": { "line": 12, "column": 0 },
        "end": { "line": 14, "column": 1 }
      },
      "5": {
        "start": { "line": 13, "column": 1 },
        "end": { "line": 13, "column": 55 }
      },
      "6": {
        "start": { "line": 21, "column": 1 },
        "end": { "line": 21, "column": 33 }
      },
      "7": {
        "start": { "line": 30, "column": 0 },
        "end": { "line": 34, "column": 2 }
      },
      "8": {
        "start": { "line": 31, "column": 48 },
        "end": { "line": 31, "column": 57 }
      },
      "9": {
        "start": { "line": 32, "column": 1 },
        "end": { "line": 32, "column": 23 }
      },
      "10": {
        "start": { "line": 33, "column": 1 },
        "end": { "line": 33, "column": 53 }
      }
    },
    "fnMap": {
      "0": {
        "name": "getFullpath",
        "decl": {
          "start": { "line": 20, "column": 9 },
          "end": { "line": 20, "column": 20 }
        },
        "loc": {
          "start": { "line": 20, "column": 31 },
          "end": { "line": 22, "column": 1 }
        },
        "line": 20
      },
      "1": {
        "name": "request",
        "decl": {
          "start": { "line": 30, "column": 27 },
          "end": { "line": 30, "column": 34 }
        },
        "loc": {
          "start": { "line": 30, "column": 51 },
          "end": { "line": 34, "column": 1 }
        },
        "line": 30
      }
    },
    "branchMap": {
      "0": {
        "loc": {
          "start": { "line": 12, "column": 0 },
          "end": { "line": 14, "column": 1 }
        },
        "type": "if",
        "locations": [
          {
            "start": { "line": 12, "column": 0 },
            "end": { "line": 14, "column": 1 }
          },
          {
            "start": { "line": 12, "column": 0 },
            "end": { "line": 14, "column": 1 }
          }
        ],
        "line": 12
      },
      "1": {
        "loc": {
          "start": { "line": 30, "column": 35 },
          "end": { "line": 30, "column": 49 }
        },
        "type": "default-arg",
        "locations": [
          {
            "start": { "line": 30, "column": 47 },
            "end": { "line": 30, "column": 49 }
          }
        ],
        "line": 30
      },
      "2": {
        "loc": {
          "start": { "line": 31, "column": 32 },
          "end": { "line": 31, "column": 43 }
        },
        "type": "default-arg",
        "locations": [
          {
            "start": { "line": 31, "column": 41 },
            "end": { "line": 31, "column": 43 }
          }
        ],
        "line": 31
      }
    },
    "s": {
      "0": 3,
      "1": 3,
      "2": 3,
      "3": 3,
      "4": 3,
      "5": 1,
      "6": 9,
      "7": 3,
      "8": 9,
      "9": 9,
      "10": 9
    },
    "f": { "0": 9, "1": 9 },
    "b": { "0": [1, 2], "1": [0], "2": [2] },
    "_coverageSchema": "43e27e138ebf9cfc5966b082cf9a028302ed4184",
    "hash": "3baa4a5067c38183c72836b30efa6ef3cfcc2544"
  },
  "/Users/tning/Documents/mi-tao/sam-and-his-friends/data/request/interceptors.js": {
    "path": "/Users/tning/Documents/mi-tao/sam-and-his-friends/data/request/interceptors.js",
    "statementMap": {
      "0": {
        "start": { "line": 6, "column": 14 },
        "end": { "line": 6, "column": 61 }
      },
      "1": {
        "start": { "line": 12, "column": 0 },
        "end": { "line": 27, "column": 2 }
      },
      "2": {
        "start": { "line": 13, "column": 18 },
        "end": { "line": 13, "column": 22 }
      },
      "3": {
        "start": { "line": 14, "column": 25 },
        "end": { "line": 14, "column": 31 }
      },
      "4": {
        "start": { "line": 16, "column": 2 },
        "end": { "line": 16, "column": 58 }
      },
      "5": {
        "start": { "line": 18, "column": 17 },
        "end": { "line": 22, "column": 8 }
      },
      "6": {
        "start": { "line": 19, "column": 20 },
        "end": { "line": 19, "column": 42 }
      },
      "7": {
        "start": { "line": 20, "column": 2 },
        "end": { "line": 20, "column": 21 }
      },
      "8": {
        "start": { "line": 21, "column": 2 },
        "end": { "line": 21, "column": 45 }
      },
      "9": {
        "start": { "line": 24, "column": 1 },
        "end": { "line": 24, "column": 16 }
      },
      "10": {
        "start": { "line": 26, "column": 1 },
        "end": { "line": 26, "column": 15 }
      }
    },
    "fnMap": {
      "0": {
        "name": "getFullUrlFromRequest",
        "decl": {
          "start": { "line": 12, "column": 41 },
          "end": { "line": 12, "column": 62 }
        },
        "loc": {
          "start": { "line": 12, "column": 71 },
          "end": { "line": 27, "column": 1 }
        },
        "line": 12
      },
      "1": {
        "name": "(anonymous_1)",
        "decl": {
          "start": { "line": 18, "column": 40 },
          "end": { "line": 18, "column": 41 }
        },
        "loc": {
          "start": { "line": 18, "column": 63 },
          "end": { "line": 22, "column": 2 }
        },
        "line": 18
      }
    },
    "branchMap": {
      "0": {
        "loc": {
          "start": { "line": 16, "column": 2 },
          "end": { "line": 16, "column": 58 }
        },
        "type": "cond-expr",
        "locations": [
          {
            "start": { "line": 16, "column": 31 },
            "end": { "line": 16, "column": 53 }
          },
          {
            "start": { "line": 16, "column": 56 },
            "end": { "line": 16, "column": 58 }
          }
        ],
        "line": 16
      },
      "1": {
        "loc": {
          "start": { "line": 19, "column": 20 },
          "end": { "line": 19, "column": 42 }
        },
        "type": "cond-expr",
        "locations": [
          {
            "start": { "line": 19, "column": 33 },
            "end": { "line": 19, "column": 36 }
          },
          {
            "start": { "line": 19, "column": 39 },
            "end": { "line": 19, "column": 42 }
          }
        ],
        "line": 19
      }
    },
    "s": {
      "0": 4,
      "1": 4,
      "2": 0,
      "3": 0,
      "4": 0,
      "5": 0,
      "6": 0,
      "7": 0,
      "8": 0,
      "9": 0,
      "10": 0
    },
    "f": { "0": 0, "1": 0 },
    "b": { "0": [0, 0], "1": [0, 0] },
    "_coverageSchema": "43e27e138ebf9cfc5966b082cf9a028302ed4184",
    "hash": "2845419dc7fc2bfd591bb8fe66bf07481fc40f29"
  },
  "/Users/tning/Documents/mi-tao/sam-and-his-friends/locale/zh-cn.js": {
    "path": "/Users/tning/Documents/mi-tao/sam-and-his-friends/locale/zh-cn.js",
    "statementMap": {
      "0": {
        "start": { "line": 1, "column": 0 },
        "end": { "line": 17, "column": 2 }
      }
    },
    "fnMap": {},
    "branchMap": {},
    "s": { "0": 2 },
    "f": {},
    "b": {},
    "_coverageSchema": "43e27e138ebf9cfc5966b082cf9a028302ed4184",
    "hash": "85657ec3dc4a44041e6608af220a4052dc293032"
  },
  "/Users/tning/Documents/mi-tao/sam-and-his-friends/routes/index.js": {
    "path": "/Users/tning/Documents/mi-tao/sam-and-his-friends/routes/index.js",
    "statementMap": {
      "0": {
        "start": { "line": 5, "column": 19 },
        "end": { "line": 5, "column": 37 }
      },
      "1": {
        "start": { "line": 9, "column": 4 },
        "end": { "line": 9, "column": 57 }
      },
      "2": {
        "start": { "line": 12, "column": 4 },
        "end": { "line": 12, "column": 55 }
      },
      "3": {
        "start": { "line": 13, "column": 27 },
        "end": { "line": 13, "column": 73 }
      },
      "4": {
        "start": { "line": 14, "column": 20 },
        "end": { "line": 14, "column": 46 }
      },
      "5": {
        "start": { "line": 27, "column": 4 },
        "end": { "line": 27, "column": 30 }
      },
      "6": {
        "start": { "line": 28, "column": 34 },
        "end": { "line": 28, "column": 71 }
      },
      "7": {
        "start": { "line": 32, "column": 4 },
        "end": { "line": 32, "column": 33 }
      },
      "8": {
        "start": { "line": 35, "column": 24 },
        "end": { "line": 40, "column": 2 }
      },
      "9": {
        "start": { "line": 42, "column": 23 },
        "end": { "line": 42, "column": 52 }
      },
      "10": {
        "start": { "line": 44, "column": 30 },
        "end": { "line": 44, "column": 76 }
      },
      "11": {
        "start": { "line": 46, "column": 1 },
        "end": { "line": 46, "column": 51 }
      },
      "12": {
        "start": { "line": 48, "column": 1 },
        "end": { "line": 48, "column": 61 }
      },
      "13": {
        "start": { "line": 52, "column": 28 },
        "end": { "line": 60, "column": 2 }
      },
      "14": {
        "start": { "line": 62, "column": 27 },
        "end": { "line": 62, "column": 60 }
      },
      "15": {
        "start": { "line": 64, "column": 1 },
        "end": { "line": 64, "column": 64 }
      },
      "16": {
        "start": { "line": 68, "column": 30 },
        "end": { "line": 73, "column": 2 }
      },
      "17": {
        "start": { "line": 75, "column": 29 },
        "end": { "line": 75, "column": 64 }
      },
      "18": {
        "start": { "line": 77, "column": 21 },
        "end": { "line": 79, "column": 2 }
      },
      "19": {
        "start": { "line": 78, "column": 13 },
        "end": { "line": 78, "column": 25 }
      },
      "20": {
        "start": { "line": 81, "column": 30 },
        "end": { "line": 81, "column": 63 }
      },
      "21": {
        "start": { "line": 83, "column": 1 },
        "end": { "line": 83, "column": 51 }
      },
      "22": {
        "start": { "line": 85, "column": 1 },
        "end": { "line": 85, "column": 70 }
      },
      "23": {
        "start": { "line": 93, "column": 0 },
        "end": { "line": 122, "column": 2 }
      },
      "24": {
        "start": { "line": 94, "column": 1 },
        "end": { "line": 119, "column": 4 }
      },
      "25": {
        "start": { "line": 95, "column": 48 },
        "end": { "line": 95, "column": 57 }
      },
      "26": {
        "start": { "line": 97, "column": 16 },
        "end": { "line": 97, "column": 57 }
      },
      "27": {
        "start": { "line": 98, "column": 20 },
        "end": { "line": 98, "column": 41 }
      },
      "28": {
        "start": { "line": 99, "column": 26 },
        "end": { "line": 99, "column": 49 }
      },
      "29": {
        "start": { "line": 101, "column": 22 },
        "end": { "line": 101, "column": 50 }
      },
      "30": {
        "start": { "line": 103, "column": 3 },
        "end": { "line": 103, "column": 67 }
      },
      "31": {
        "start": { "line": 105, "column": 2 },
        "end": { "line": 118, "column": 5 }
      },
      "32": {
        "start": { "line": 121, "column": 1 },
        "end": { "line": 121, "column": 15 }
      }
    },
    "fnMap": {
      "0": {
        "name": "_getPosts",
        "decl": {
          "start": { "line": 34, "column": 15 },
          "end": { "line": 34, "column": 24 }
        },
        "loc": {
          "start": { "line": 34, "column": 51 },
          "end": { "line": 49, "column": 1 }
        },
        "line": 34
      },
      "1": {
        "name": "_getMiniPosts",
        "decl": {
          "start": { "line": 51, "column": 15 },
          "end": { "line": 51, "column": 28 }
        },
        "loc": {
          "start": { "line": 51, "column": 31 },
          "end": { "line": 65, "column": 1 }
        },
        "line": 51
      },
      "2": {
        "name": "_getActiveUsers",
        "decl": {
          "start": { "line": 67, "column": 15 },
          "end": { "line": 67, "column": 30 }
        },
        "loc": {
          "start": { "line": 67, "column": 33 },
          "end": { "line": 86, "column": 1 }
        },
        "line": 67
      },
      "3": {
        "name": "(anonymous_3)",
        "decl": {
          "start": { "line": 78, "column": 2 },
          "end": { "line": 78, "column": 3 }
        },
        "loc": {
          "start": { "line": 78, "column": 13 },
          "end": { "line": 78, "column": 25 }
        },
        "line": 78
      },
      "4": {
        "name": "(anonymous_4)",
        "decl": {
          "start": { "line": 93, "column": 17 },
          "end": { "line": 93, "column": 18 }
        },
        "loc": {
          "start": { "line": 93, "column": 44 },
          "end": { "line": 122, "column": 1 }
        },
        "line": 93
      },
      "5": {
        "name": "(anonymous_5)",
        "decl": {
          "start": { "line": 94, "column": 17 },
          "end": { "line": 94, "column": 18 }
        },
        "loc": {
          "start": { "line": 94, "column": 37 },
          "end": { "line": 119, "column": 2 }
        },
        "line": 94
      }
    },
    "branchMap": {
      "0": {
        "loc": {
          "start": { "line": 93, "column": 18 },
          "end": { "line": 93, "column": 39 }
        },
        "type": "default-arg",
        "locations": [
          {
            "start": { "line": 93, "column": 27 },
            "end": { "line": 93, "column": 39 }
          }
        ],
        "line": 93
      },
      "1": {
        "loc": {
          "start": { "line": 95, "column": 10 },
          "end": { "line": 95, "column": 25 }
        },
        "type": "default-arg",
        "locations": [
          {
            "start": { "line": 95, "column": 24 },
            "end": { "line": 95, "column": 25 }
          }
        ],
        "line": 95
      },
      "2": {
        "loc": {
          "start": { "line": 95, "column": 27 },
          "end": { "line": 95, "column": 43 }
        },
        "type": "default-arg",
        "locations": [
          {
            "start": { "line": 95, "column": 41 },
            "end": { "line": 95, "column": 43 }
          }
        ],
        "line": 95
      },
      "3": {
        "loc": {
          "start": { "line": 103, "column": 3 },
          "end": { "line": 103, "column": 67 }
        },
        "type": "cond-expr",
        "locations": [
          {
            "start": { "line": 103, "column": 48 },
            "end": { "line": 103, "column": 49 }
          },
          {
            "start": { "line": 103, "column": 52 },
            "end": { "line": 103, "column": 67 }
          }
        ],
        "line": 103
      }
    },
    "s": {
      "0": 2,
      "1": 2,
      "2": 2,
      "3": 2,
      "4": 2,
      "5": 2,
      "6": 2,
      "7": 2,
      "8": 2,
      "9": 2,
      "10": 2,
      "11": 2,
      "12": 2,
      "13": 2,
      "14": 2,
      "15": 2,
      "16": 2,
      "17": 2,
      "18": 2,
      "19": 28,
      "20": 2,
      "21": 2,
      "22": 2,
      "23": 2,
      "24": 3,
      "25": 2,
      "26": 2,
      "27": 2,
      "28": 2,
      "29": 2,
      "30": 2,
      "31": 2,
      "32": 3
    },
    "f": { "0": 2, "1": 2, "2": 2, "3": 28, "4": 3, "5": 2 },
    "b": { "0": [3], "1": [2], "2": [1], "3": [2, 0] },
    "_coverageSchema": "43e27e138ebf9cfc5966b082cf9a028302ed4184",
    "hash": "8ecabe42018f7d3ce561d101d504dc4caeb31d32"
  },
  "/Users/tning/Documents/mi-tao/sam-and-his-friends/routes/single-post.js": {
    "path": "/Users/tning/Documents/mi-tao/sam-and-his-friends/routes/single-post.js",
    "statementMap": {
      "0": {
        "start": { "line": 5, "column": 19 },
        "end": { "line": 5, "column": 37 }
      },
      "1": {
        "start": { "line": 9, "column": 4 },
        "end": { "line": 9, "column": 56 }
      },
      "2": {
        "start": { "line": 10, "column": 20 },
        "end": { "line": 10, "column": 46 }
      },
      "3": {
        "start": { "line": 17, "column": 4 },
        "end": { "line": 17, "column": 30 }
      },
      "4": {
        "start": { "line": 18, "column": 35 },
        "end": { "line": 18, "column": 64 }
      },
      "5": {
        "start": { "line": 21, "column": 4 },
        "end": { "line": 21, "column": 57 }
      },
      "6": {
        "start": { "line": 22, "column": 34 },
        "end": { "line": 22, "column": 71 }
      },
      "7": {
        "start": { "line": 25, "column": 1 },
        "end": { "line": 63, "column": 3 }
      },
      "8": {
        "start": { "line": 71, "column": 0 },
        "end": { "line": 96, "column": 2 }
      },
      "9": {
        "start": { "line": 72, "column": 1 },
        "end": { "line": 93, "column": 4 }
      },
      "10": {
        "start": { "line": 73, "column": 24 },
        "end": { "line": 75, "column": 4 }
      },
      "11": {
        "start": { "line": 77, "column": 31 },
        "end": { "line": 79, "column": 3 }
      },
      "12": {
        "start": { "line": 81, "column": 2 },
        "end": { "line": 81, "column": 52 }
      },
      "13": {
        "start": { "line": 83, "column": 30 },
        "end": { "line": 83, "column": 75 }
      },
      "14": {
        "start": { "line": 84, "column": 19 },
        "end": { "line": 84, "column": 71 }
      },
      "15": {
        "start": { "line": 86, "column": 2 },
        "end": { "line": 92, "column": 5 }
      },
      "16": {
        "start": { "line": 95, "column": 1 },
        "end": { "line": 95, "column": 15 }
      }
    },
    "fnMap": {
      "0": {
        "name": "getMetaTags",
        "decl": {
          "start": { "line": 24, "column": 9 },
          "end": { "line": 24, "column": 20 }
        },
        "loc": {
          "start": { "line": 24, "column": 51 },
          "end": { "line": 64, "column": 1 }
        },
        "line": 24
      },
      "1": {
        "name": "(anonymous_1)",
        "decl": {
          "start": { "line": 71, "column": 17 },
          "end": { "line": 71, "column": 18 }
        },
        "loc": {
          "start": { "line": 71, "column": 44 },
          "end": { "line": 96, "column": 1 }
        },
        "line": 71
      },
      "2": {
        "name": "(anonymous_2)",
        "decl": {
          "start": { "line": 72, "column": 25 },
          "end": { "line": 72, "column": 26 }
        },
        "loc": {
          "start": { "line": 72, "column": 45 },
          "end": { "line": 93, "column": 2 }
        },
        "line": 72
      }
    },
    "branchMap": {
      "0": {
        "loc": {
          "start": { "line": 42, "column": 4 },
          "end": { "line": 44, "column": 29 }
        },
        "type": "binary-expr",
        "locations": [
          {
            "start": { "line": 42, "column": 5 },
            "end": { "line": 42, "column": 34 }
          },
          {
            "start": { "line": 43, "column": 5 },
            "end": { "line": 43, "column": 41 }
          },
          {
            "start": { "line": 44, "column": 4 },
            "end": { "line": 44, "column": 29 }
          }
        ],
        "line": 42
      },
      "1": {
        "loc": {
          "start": { "line": 57, "column": 4 },
          "end": { "line": 59, "column": 29 }
        },
        "type": "binary-expr",
        "locations": [
          {
            "start": { "line": 57, "column": 5 },
            "end": { "line": 57, "column": 34 }
          },
          {
            "start": { "line": 58, "column": 5 },
            "end": { "line": 58, "column": 41 }
          },
          {
            "start": { "line": 59, "column": 4 },
            "end": { "line": 59, "column": 29 }
          }
        ],
        "line": 57
      },
      "2": {
        "loc": {
          "start": { "line": 71, "column": 18 },
          "end": { "line": 71, "column": 39 }
        },
        "type": "default-arg",
        "locations": [
          {
            "start": { "line": 71, "column": 27 },
            "end": { "line": 71, "column": 39 }
          }
        ],
        "line": 71
      }
    },
    "s": {
      "0": 2,
      "1": 2,
      "2": 2,
      "3": 2,
      "4": 2,
      "5": 2,
      "6": 2,
      "7": 1,
      "8": 2,
      "9": 3,
      "10": 1,
      "11": 1,
      "12": 1,
      "13": 1,
      "14": 1,
      "15": 1,
      "16": 3
    },
    "f": { "0": 1, "1": 3, "2": 1 },
    "b": { "0": [1, 0, 1], "1": [1, 0, 1], "2": [3] },
    "_coverageSchema": "43e27e138ebf9cfc5966b082cf9a028302ed4184",
    "hash": "cf01868f76dbeef5d2320b2435252c35808fbffe"
  },
  "/Users/tning/Documents/mi-tao/sam-and-his-friends/test/test-helpers/mock-data.js": {
    "path": "/Users/tning/Documents/mi-tao/sam-and-his-friends/test/test-helpers/mock-data.js",
    "statementMap": {
      "0": {
        "start": { "line": 1, "column": 0 },
        "end": { "line": 23, "column": 2 }
      },
      "1": {
        "start": { "line": 25, "column": 23 },
        "end": { "line": 53, "column": 1 }
      },
      "2": {
        "start": { "line": 55, "column": 0 },
        "end": { "line": 75, "column": 2 }
      },
      "3": {
        "start": { "line": 77, "column": 26 },
        "end": { "line": 96, "column": 1 }
      },
      "4": {
        "start": { "line": 98, "column": 0 },
        "end": { "line": 119, "column": 2 }
      },
      "5": {
        "start": { "line": 121, "column": 27 },
        "end": { "line": 136, "column": 1 }
      },
      "6": {
        "start": { "line": 138, "column": 0 },
        "end": { "line": 199, "column": 2 }
      },
      "7": {
        "start": { "line": 201, "column": 22 },
        "end": { "line": 253, "column": 1 }
      },
      "8": {
        "start": { "line": 255, "column": 23 },
        "end": { "line": 416, "column": 1 }
      },
      "9": {
        "start": { "line": 418, "column": 0 },
        "end": { "line": 418, "column": 40 }
      },
      "10": {
        "start": { "line": 419, "column": 0 },
        "end": { "line": 419, "column": 46 }
      },
      "11": {
        "start": { "line": 420, "column": 0 },
        "end": { "line": 420, "column": 48 }
      },
      "12": {
        "start": { "line": 421, "column": 0 },
        "end": { "line": 421, "column": 38 }
      },
      "13": {
        "start": { "line": 422, "column": 0 },
        "end": { "line": 422, "column": 40 }
      },
      "14": {
        "start": { "line": 424, "column": 0 },
        "end": { "line": 430, "column": 2 }
      }
    },
    "fnMap": {},
    "branchMap": {},
    "s": {
      "0": 8,
      "1": 8,
      "2": 8,
      "3": 8,
      "4": 8,
      "5": 8,
      "6": 8,
      "7": 8,
      "8": 8,
      "9": 8,
      "10": 8,
      "11": 8,
      "12": 8,
      "13": 8,
      "14": 8
    },
    "f": {},
    "b": {},
    "_coverageSchema": "43e27e138ebf9cfc5966b082cf9a028302ed4184",
    "hash": "9af7fad06c86b526700589d73a07ee2b07fb55de"
  },
  "/Users/tning/Documents/mi-tao/sam-and-his-friends/test/test-helpers/redis-mock.js": {
    "path": "/Users/tning/Documents/mi-tao/sam-and-his-friends/test/test-helpers/redis-mock.js",
    "statementMap": {
      "0": {
        "start": { "line": 1, "column": 24 },
        "end": { "line": 1, "column": 46 }
      },
      "1": {
        "start": { "line": 2, "column": 25 },
        "end": { "line": 2, "column": 60 }
      },
      "2": {
        "start": { "line": 4, "column": 22 },
        "end": { "line": 7, "column": 1 }
      },
      "3": {
        "start": { "line": 9, "column": 0 },
        "end": { "line": 29, "column": 2 }
      },
      "4": {
        "start": { "line": 11, "column": 2 },
        "end": { "line": 27, "column": 4 }
      },
      "5": {
        "start": { "line": 13, "column": 15 },
        "end": { "line": 13, "column": 32 }
      },
      "6": {
        "start": { "line": 15, "column": 4 },
        "end": { "line": 17, "column": 5 }
      },
      "7": {
        "start": { "line": 16, "column": 5 },
        "end": { "line": 16, "column": 32 }
      },
      "8": {
        "start": { "line": 19, "column": 28 },
        "end": { "line": 19, "column": 48 }
      },
      "9": {
        "start": { "line": 20, "column": 26 },
        "end": { "line": 20, "column": 50 }
      },
      "10": {
        "start": { "line": 21, "column": 21 },
        "end": { "line": 23, "column": 5 }
      },
      "11": {
        "start": { "line": 22, "column": 13 },
        "end": { "line": 22, "column": 48 }
      },
      "12": {
        "start": { "line": 25, "column": 4 },
        "end": { "line": 25, "column": 53 }
      }
    },
    "fnMap": {
      "0": {
        "name": "(anonymous_0)",
        "decl": {
          "start": { "line": 10, "column": 1 },
          "end": { "line": 10, "column": 2 }
        },
        "loc": {
          "start": { "line": 10, "column": 16 },
          "end": { "line": 28, "column": 2 }
        },
        "line": 10
      },
      "1": {
        "name": "(anonymous_1)",
        "decl": {
          "start": { "line": 12, "column": 7 },
          "end": { "line": 12, "column": 8 }
        },
        "loc": {
          "start": { "line": 12, "column": 13 },
          "end": { "line": 12, "column": 15 }
        },
        "line": 12
      },
      "2": {
        "name": "(anonymous_2)",
        "decl": {
          "start": { "line": 13, "column": 9 },
          "end": { "line": 13, "column": 10 }
        },
        "loc": {
          "start": { "line": 13, "column": 15 },
          "end": { "line": 13, "column": 32 }
        },
        "line": 13
      },
      "3": {
        "name": "(anonymous_3)",
        "decl": {
          "start": { "line": 14, "column": 9 },
          "end": { "line": 14, "column": 10 }
        },
        "loc": {
          "start": { "line": 14, "column": 37 },
          "end": { "line": 26, "column": 4 }
        },
        "line": 14
      },
      "4": {
        "name": "(anonymous_4)",
        "decl": {
          "start": { "line": 22, "column": 5 },
          "end": { "line": 22, "column": 6 }
        },
        "loc": {
          "start": { "line": 22, "column": 13 },
          "end": { "line": 22, "column": 48 }
        },
        "line": 22
      }
    },
    "branchMap": {
      "0": {
        "loc": {
          "start": { "line": 15, "column": 4 },
          "end": { "line": 17, "column": 5 }
        },
        "type": "if",
        "locations": [
          {
            "start": { "line": 15, "column": 4 },
            "end": { "line": 17, "column": 5 }
          },
          {
            "start": { "line": 15, "column": 4 },
            "end": { "line": 17, "column": 5 }
          }
        ],
        "line": 15
      }
    },
    "s": {
      "0": 4,
      "1": 4,
      "2": 4,
      "3": 4,
      "4": 7,
      "5": 40,
      "6": 32,
      "7": 0,
      "8": 32,
      "9": 32,
      "10": 32,
      "11": 83,
      "12": 32
    },
    "f": { "0": 7, "1": 21, "2": 40, "3": 32, "4": 83 },
    "b": { "0": [0, 32] },
    "_coverageSchema": "43e27e138ebf9cfc5966b082cf9a028302ed4184",
    "hash": "c1221c3468800618094f35730b59372c6b0f8d62"
  },
  "/Users/tning/Documents/mi-tao/sam-and-his-friends/utils/config.js": {
    "path": "/Users/tning/Documents/mi-tao/sam-and-his-friends/utils/config.js",
    "statementMap": {
      "0": {
        "start": { "line": 1, "column": 0 },
        "end": { "line": 1, "column": 41 }
      },
      "1": {
        "start": { "line": 3, "column": 0 },
        "end": { "line": 4, "column": 157 }
      },
      "2": {
        "start": { "line": 6, "column": 20 },
        "end": { "line": 6, "column": 38 }
      },
      "3": {
        "start": { "line": 7, "column": 0 },
        "end": { "line": 7, "column": 34 }
      },
      "4": {
        "start": { "line": 8, "column": 0 },
        "end": { "line": 13, "column": 2 }
      },
      "5": {
        "start": { "line": 15, "column": 0 },
        "end": { "line": 16, "column": 380 }
      },
      "6": {
        "start": { "line": 18, "column": 0 },
        "end": { "line": 18, "column": 43 }
      },
      "7": {
        "start": { "line": 20, "column": 18 },
        "end": { "line": 20, "column": 25 }
      },
      "8": {
        "start": { "line": 21, "column": 0 },
        "end": { "line": 21, "column": 30 }
      },
      "9": {
        "start": { "line": 23, "column": 0 },
        "end": { "line": 37, "column": 2 }
      },
      "10": {
        "start": { "line": 39, "column": 0 },
        "end": { "line": 39, "column": 28 }
      },
      "11": {
        "start": { "line": 41, "column": 0 },
        "end": { "line": 41, "column": 36 }
      },
      "12": {
        "start": { "line": 43, "column": 0 },
        "end": { "line": 48, "column": 2 }
      },
      "13": {
        "start": { "line": 50, "column": 0 },
        "end": { "line": 92, "column": 2 }
      },
      "14": {
        "start": { "line": 95, "column": 1 },
        "end": { "line": 95, "column": 56 }
      },
      "15": {
        "start": { "line": 97, "column": 25 },
        "end": { "line": 106, "column": 1 }
      },
      "16": {
        "start": { "line": 108, "column": 0 },
        "end": { "line": 124, "column": 2 }
      },
      "17": {
        "start": { "line": 126, "column": 30 },
        "end": { "line": 139, "column": 1 }
      },
      "18": {
        "start": { "line": 141, "column": 0 },
        "end": { "line": 155, "column": 2 }
      },
      "19": {
        "start": { "line": 157, "column": 0 },
        "end": { "line": 157, "column": 62 }
      },
      "20": {
        "start": { "line": 158, "column": 0 },
        "end": { "line": 158, "column": 44 }
      },
      "21": {
        "start": { "line": 159, "column": 0 },
        "end": { "line": 159, "column": 54 }
      }
    },
    "fnMap": {},
    "branchMap": {},
    "s": {
      "0": 8,
      "1": 8,
      "2": 8,
      "3": 8,
      "4": 8,
      "5": 8,
      "6": 8,
      "7": 8,
      "8": 8,
      "9": 8,
      "10": 8,
      "11": 8,
      "12": 8,
      "13": 8,
      "14": 8,
      "15": 8,
      "16": 8,
      "17": 8,
      "18": 8,
      "19": 8,
      "20": 8,
      "21": 8
    },
    "f": {},
    "b": {},
    "_coverageSchema": "43e27e138ebf9cfc5966b082cf9a028302ed4184",
    "hash": "3fdd6b9f17b9013340c433d84aea88df446655b1"
  },
  "/Users/tning/Documents/mi-tao/sam-and-his-friends/utils/constants.js": {
    "path": "/Users/tning/Documents/mi-tao/sam-and-his-friends/utils/constants.js",
    "statementMap": {
      "0": {
        "start": { "line": 1, "column": 35 },
        "end": { "line": 1, "column": 61 }
      },
      "1": {
        "start": { "line": 21, "column": 0 },
        "end": { "line": 32, "column": 2 }
      },
      "2": {
        "start": { "line": 25, "column": 21 },
        "end": { "line": 25, "column": 40 }
      },
      "3": {
        "start": { "line": 26, "column": 2 },
        "end": { "line": 26, "column": 78 }
      },
      "4": {
        "start": { "line": 29, "column": 2 },
        "end": { "line": 29, "column": 24 }
      },
      "5": {
        "start": { "line": 34, "column": 0 },
        "end": { "line": 34, "column": 41 }
      },
      "6": {
        "start": { "line": 41, "column": 0 },
        "end": { "line": 47, "column": 2 }
      }
    },
    "fnMap": {
      "0": {
        "name": "(anonymous_0)",
        "decl": {
          "start": { "line": 24, "column": 1 },
          "end": { "line": 24, "column": 2 }
        },
        "loc": {
          "start": { "line": 24, "column": 23 },
          "end": { "line": 27, "column": 2 }
        },
        "line": 24
      },
      "1": {
        "name": "(anonymous_1)",
        "decl": {
          "start": { "line": 28, "column": 1 },
          "end": { "line": 28, "column": 2 }
        },
        "loc": {
          "start": { "line": 28, "column": 16 },
          "end": { "line": 30, "column": 2 }
        },
        "line": 28
      }
    },
    "branchMap": {
      "0": {
        "loc": {
          "start": { "line": 26, "column": 9 },
          "end": { "line": 26, "column": 77 }
        },
        "type": "cond-expr",
        "locations": [
          {
            "start": { "line": 26, "column": 23 },
            "end": { "line": 26, "column": 64 }
          },
          {
            "start": { "line": 26, "column": 67 },
            "end": { "line": 26, "column": 77 }
          }
        ],
        "line": 26
      }
    },
    "s": { "0": 6, "1": 6, "2": 2, "3": 2, "4": 1, "5": 6, "6": 6 },
    "f": { "0": 2, "1": 1 },
    "b": { "0": [1, 1] },
    "_coverageSchema": "43e27e138ebf9cfc5966b082cf9a028302ed4184",
    "hash": "3a1ee26854c1bbfb79ffb150f7b3c1f2e54cf788"
  },
  "/Users/tning/Documents/mi-tao/sam-and-his-friends/utils/isPro.js": {
    "path": "/Users/tning/Documents/mi-tao/sam-and-his-friends/utils/isPro.js",
    "statementMap": {
      "0": {
        "start": { "line": 8, "column": 0 },
        "end": { "line": 8, "column": 41 }
      },
      "1": {
        "start": { "line": 8, "column": 22 },
        "end": { "line": 8, "column": 40 }
      }
    },
    "fnMap": {
      "0": {
        "name": "(anonymous_0)",
        "decl": {
          "start": { "line": 8, "column": 16 },
          "end": { "line": 8, "column": 17 }
        },
        "loc": {
          "start": { "line": 8, "column": 22 },
          "end": { "line": 8, "column": 40 }
        },
        "line": 8
      }
    },
    "branchMap": {},
    "s": { "0": 3, "1": 6 },
    "f": { "0": 6 },
    "b": {},
    "_coverageSchema": "43e27e138ebf9cfc5966b082cf9a028302ed4184",
    "hash": "123ffe7199995c066d6a9de99e7de8730fdab007"
  },
  "/Users/tning/Documents/mi-tao/sam-and-his-friends/utils/formatters/active-users-formatter.js": {
    "path": "/Users/tning/Documents/mi-tao/sam-and-his-friends/utils/formatters/active-users-formatter.js",
    "statementMap": {
      "0": {
        "start": { "line": 5, "column": 16 },
        "end": { "line": 5, "column": 45 }
      },
      "1": {
        "start": { "line": 13, "column": 18 },
        "end": { "line": 13, "column": 37 }
      },
      "2": {
        "start": { "line": 14, "column": 22 },
        "end": { "line": 16, "column": 21 }
      },
      "3": {
        "start": { "line": 17, "column": 24 },
        "end": { "line": 17, "column": 58 }
      },
      "4": {
        "start": { "line": 19, "column": 23 },
        "end": { "line": 23, "column": 3 }
      },
      "5": {
        "start": { "line": 25, "column": 1 },
        "end": { "line": 25, "column": 38 }
      },
      "6": {
        "start": { "line": 27, "column": 1 },
        "end": { "line": 27, "column": 22 }
      },
      "7": {
        "start": { "line": 35, "column": 0 },
        "end": { "line": 37, "column": 2 }
      },
      "8": {
        "start": { "line": 36, "column": 1 },
        "end": { "line": 36, "column": 53 }
      },
      "9": {
        "start": { "line": 36, "column": 26 },
        "end": { "line": 36, "column": 51 }
      }
    },
    "fnMap": {
      "0": {
        "name": "activeUserFormatter",
        "decl": {
          "start": { "line": 12, "column": 9 },
          "end": { "line": 12, "column": 28 }
        },
        "loc": {
          "start": { "line": 12, "column": 35 },
          "end": { "line": 28, "column": 1 }
        },
        "line": 12
      },
      "1": {
        "name": "activeUsersFormatter",
        "decl": {
          "start": { "line": 35, "column": 40 },
          "end": { "line": 35, "column": 60 }
        },
        "loc": {
          "start": { "line": 35, "column": 68 },
          "end": { "line": 37, "column": 1 }
        },
        "line": 35
      },
      "2": {
        "name": "(anonymous_2)",
        "decl": {
          "start": { "line": 36, "column": 18 },
          "end": { "line": 36, "column": 19 }
        },
        "loc": {
          "start": { "line": 36, "column": 26 },
          "end": { "line": 36, "column": 51 }
        },
        "line": 36
      }
    },
    "branchMap": {},
    "s": {
      "0": 3,
      "1": 41,
      "2": 41,
      "3": 41,
      "4": 41,
      "5": 41,
      "6": 41,
      "7": 3,
      "8": 6,
      "9": 41
    },
    "f": { "0": 41, "1": 6, "2": 41 },
    "b": {},
    "_coverageSchema": "43e27e138ebf9cfc5966b082cf9a028302ed4184",
    "hash": "779b98a5462b3cedceceeb346d20197f7b80b0d9"
  },
  "/Users/tning/Documents/mi-tao/sam-and-his-friends/utils/formatters/comments-formatter.js": {
    "path": "/Users/tning/Documents/mi-tao/sam-and-his-friends/utils/formatters/comments-formatter.js",
    "statementMap": {
      "0": {
        "start": { "line": 5, "column": 35 },
        "end": { "line": 5, "column": 75 }
      },
      "1": {
        "start": { "line": 14, "column": 2 },
        "end": { "line": 14, "column": 72 }
      },
      "2": {
        "start": { "line": 16, "column": 1 },
        "end": { "line": 23, "column": 3 }
      },
      "3": {
        "start": { "line": 33, "column": 0 },
        "end": { "line": 37, "column": 2 }
      },
      "4": {
        "start": { "line": 34, "column": 1 },
        "end": { "line": 36, "column": 3 }
      },
      "5": {
        "start": { "line": 34, "column": 44 },
        "end": { "line": 34, "column": 69 }
      },
      "6": {
        "start": { "line": 35, "column": 20 },
        "end": { "line": 35, "column": 71 }
      },
      "7": {
        "start": { "line": 35, "column": 53 },
        "end": { "line": 35, "column": 70 }
      }
    },
    "fnMap": {
      "0": {
        "name": "commentFormatter",
        "decl": {
          "start": { "line": 12, "column": 15 },
          "end": { "line": 12, "column": 31 }
        },
        "loc": {
          "start": { "line": 12, "column": 41 },
          "end": { "line": 24, "column": 1 }
        },
        "line": 12
      },
      "1": {
        "name": "commentsFormatter",
        "decl": {
          "start": { "line": 33, "column": 37 },
          "end": { "line": 33, "column": 54 }
        },
        "loc": {
          "start": { "line": 33, "column": 65 },
          "end": { "line": 37, "column": 1 }
        },
        "line": 33
      },
      "2": {
        "name": "(anonymous_2)",
        "decl": {
          "start": { "line": 34, "column": 33 },
          "end": { "line": 34, "column": 34 }
        },
        "loc": {
          "start": { "line": 34, "column": 44 },
          "end": { "line": 34, "column": 69 }
        },
        "line": 34
      },
      "3": {
        "name": "(anonymous_3)",
        "decl": {
          "start": { "line": 35, "column": 2 },
          "end": { "line": 35, "column": 3 }
        },
        "loc": {
          "start": { "line": 35, "column": 20 },
          "end": { "line": 35, "column": 71 }
        },
        "line": 35
      },
      "4": {
        "name": "(anonymous_4)",
        "decl": {
          "start": { "line": 35, "column": 42 },
          "end": { "line": 35, "column": 43 }
        },
        "loc": {
          "start": { "line": 35, "column": 53 },
          "end": { "line": 35, "column": 70 }
        },
        "line": 35
      }
    },
    "branchMap": {
      "0": {
        "loc": {
          "start": { "line": 14, "column": 2 },
          "end": { "line": 14, "column": 72 }
        },
        "type": "binary-expr",
        "locations": [
          {
            "start": { "line": 14, "column": 3 },
            "end": { "line": 14, "column": 48 }
          },
          {
            "start": { "line": 14, "column": 53 },
            "end": { "line": 14, "column": 72 }
          }
        ],
        "line": 14
      },
      "1": {
        "loc": {
          "start": { "line": 17, "column": 8 },
          "end": { "line": 17, "column": 44 }
        },
        "type": "binary-expr",
        "locations": [
          {
            "start": { "line": 17, "column": 8 },
            "end": { "line": 17, "column": 22 }
          },
          {
            "start": { "line": 17, "column": 26 },
            "end": { "line": 17, "column": 44 }
          }
        ],
        "line": 17
      }
    },
    "s": { "0": 4, "1": 8, "2": 8, "3": 4, "4": 3, "5": 8, "6": 3, "7": 8 },
    "f": { "0": 8, "1": 3, "2": 8, "3": 3, "4": 8 },
    "b": { "0": [8, 0], "1": [8, 0] },
    "_coverageSchema": "43e27e138ebf9cfc5966b082cf9a028302ed4184",
    "hash": "9709241a3e9850218463100c157290da3540bea2"
  },
  "/Users/tning/Documents/mi-tao/sam-and-his-friends/utils/formatters/mini-posts-formatter.js": {
    "path": "/Users/tning/Documents/mi-tao/sam-and-his-friends/utils/formatters/mini-posts-formatter.js",
    "statementMap": {
      "0": {
        "start": { "line": 11, "column": 1 },
        "end": { "line": 16, "column": 3 }
      },
      "1": {
        "start": { "line": 25, "column": 0 },
        "end": { "line": 29, "column": 2 }
      },
      "2": {
        "start": { "line": 26, "column": 1 },
        "end": { "line": 28, "column": 42 }
      },
      "3": {
        "start": { "line": 27, "column": 19 },
        "end": { "line": 27, "column": 46 }
      },
      "4": {
        "start": { "line": 28, "column": 22 },
        "end": { "line": 28, "column": 40 }
      }
    },
    "fnMap": {
      "0": {
        "name": "miniPostFormatter",
        "decl": {
          "start": { "line": 10, "column": 9 },
          "end": { "line": 10, "column": 26 }
        },
        "loc": {
          "start": { "line": 10, "column": 37 },
          "end": { "line": 17, "column": 1 }
        },
        "line": 10
      },
      "1": {
        "name": "miniPostsFormatter",
        "decl": {
          "start": { "line": 25, "column": 38 },
          "end": { "line": 25, "column": 56 }
        },
        "loc": {
          "start": { "line": 25, "column": 68 },
          "end": { "line": 29, "column": 1 }
        },
        "line": 25
      },
      "2": {
        "name": "(anonymous_2)",
        "decl": {
          "start": { "line": 27, "column": 7 },
          "end": { "line": 27, "column": 8 }
        },
        "loc": {
          "start": { "line": 27, "column": 19 },
          "end": { "line": 27, "column": 46 }
        },
        "line": 27
      },
      "3": {
        "name": "(anonymous_3)",
        "decl": {
          "start": { "line": 28, "column": 10 },
          "end": { "line": 28, "column": 11 }
        },
        "loc": {
          "start": { "line": 28, "column": 22 },
          "end": { "line": 28, "column": 40 }
        },
        "line": 28
      }
    },
    "branchMap": {},
    "s": { "0": 31, "1": 3, "2": 3, "3": 31, "4": 31 },
    "f": { "0": 31, "1": 3, "2": 31, "3": 31 },
    "b": {},
    "_coverageSchema": "43e27e138ebf9cfc5966b082cf9a028302ed4184",
    "hash": "5e68e4e734249adffc0c770db98c1d2b3dccddd7"
  },
  "/Users/tning/Documents/mi-tao/sam-and-his-friends/utils/formatters/posts-formatter.js": {
    "path": "/Users/tning/Documents/mi-tao/sam-and-his-friends/utils/formatters/posts-formatter.js",
    "statementMap": {
      "0": {
        "start": { "line": 5, "column": 35 },
        "end": { "line": 5, "column": 75 }
      },
      "1": {
        "start": { "line": 6, "column": 29 },
        "end": { "line": 6, "column": 68 }
      },
      "2": {
        "start": { "line": 7, "column": 26 },
        "end": { "line": 7, "column": 74 }
      },
      "3": {
        "start": { "line": 15, "column": 16 },
        "end": { "line": 15, "column": 70 }
      },
      "4": {
        "start": { "line": 16, "column": 14 },
        "end": { "line": 16, "column": 46 }
      },
      "5": {
        "start": { "line": 18, "column": 15 },
        "end": { "line": 18, "column": 28 }
      },
      "6": {
        "start": { "line": 19, "column": 20 },
        "end": { "line": 19, "column": 52 }
      },
      "7": {
        "start": { "line": 20, "column": 1 },
        "end": { "line": 25, "column": 2 }
      },
      "8": {
        "start": { "line": 22, "column": 2 },
        "end": { "line": 22, "column": 49 }
      },
      "9": {
        "start": { "line": 24, "column": 2 },
        "end": { "line": 24, "column": 45 }
      },
      "10": {
        "start": { "line": 27, "column": 1 },
        "end": { "line": 41, "column": 3 }
      },
      "11": {
        "start": { "line": 49, "column": 0 },
        "end": { "line": 65, "column": 2 }
      },
      "12": {
        "start": { "line": 50, "column": 1 },
        "end": { "line": 64, "column": 3 }
      },
      "13": {
        "start": { "line": 50, "column": 38 },
        "end": { "line": 50, "column": 57 }
      },
      "14": {
        "start": { "line": 51, "column": 2 },
        "end": { "line": 63, "column": 5 }
      },
      "15": {
        "start": { "line": 52, "column": 19 },
        "end": { "line": 52, "column": 34 }
      },
      "16": {
        "start": { "line": 54, "column": 4 },
        "end": { "line": 56, "column": 5 }
      },
      "17": {
        "start": { "line": 55, "column": 5 },
        "end": { "line": 55, "column": 15 }
      },
      "18": {
        "start": { "line": 58, "column": 4 },
        "end": { "line": 60, "column": 5 }
      },
      "19": {
        "start": { "line": 59, "column": 5 },
        "end": { "line": 59, "column": 14 }
      },
      "20": {
        "start": { "line": 62, "column": 4 },
        "end": { "line": 62, "column": 13 }
      }
    },
    "fnMap": {
      "0": {
        "name": "postFormatter",
        "decl": {
          "start": { "line": 13, "column": 15 },
          "end": { "line": 13, "column": 28 }
        },
        "loc": {
          "start": { "line": 13, "column": 36 },
          "end": { "line": 42, "column": 1 }
        },
        "line": 13
      },
      "1": {
        "name": "postsFormatter",
        "decl": {
          "start": { "line": 49, "column": 40 },
          "end": { "line": 49, "column": 54 }
        },
        "loc": {
          "start": { "line": 49, "column": 62 },
          "end": { "line": 65, "column": 1 }
        },
        "line": 49
      },
      "2": {
        "name": "(anonymous_2)",
        "decl": {
          "start": { "line": 50, "column": 30 },
          "end": { "line": 50, "column": 31 }
        },
        "loc": {
          "start": { "line": 50, "column": 38 },
          "end": { "line": 50, "column": 57 }
        },
        "line": 50
      },
      "3": {
        "name": "(anonymous_3)",
        "decl": {
          "start": { "line": 50, "column": 65 },
          "end": { "line": 50, "column": 66 }
        },
        "loc": {
          "start": { "line": 51, "column": 2 },
          "end": { "line": 63, "column": 5 }
        },
        "line": 51
      },
      "4": {
        "name": "(anonymous_4)",
        "decl": {
          "start": { "line": 52, "column": 9 },
          "end": { "line": 52, "column": 10 }
        },
        "loc": {
          "start": { "line": 52, "column": 19 },
          "end": { "line": 52, "column": 34 }
        },
        "line": 52
      },
      "5": {
        "name": "(anonymous_5)",
        "decl": {
          "start": { "line": 53, "column": 9 },
          "end": { "line": 53, "column": 10 }
        },
        "loc": {
          "start": { "line": 53, "column": 19 },
          "end": { "line": 63, "column": 4 }
        },
        "line": 53
      }
    },
    "branchMap": {
      "0": {
        "loc": {
          "start": { "line": 20, "column": 1 },
          "end": { "line": 25, "column": 2 }
        },
        "type": "if",
        "locations": [
          {
            "start": { "line": 20, "column": 1 },
            "end": { "line": 25, "column": 2 }
          },
          {
            "start": { "line": 20, "column": 1 },
            "end": { "line": 25, "column": 2 }
          }
        ],
        "line": 20
      },
      "1": {
        "loc": {
          "start": { "line": 24, "column": 12 },
          "end": { "line": 24, "column": 44 }
        },
        "type": "binary-expr",
        "locations": [
          {
            "start": { "line": 24, "column": 12 },
            "end": { "line": 24, "column": 22 }
          },
          {
            "start": { "line": 24, "column": 26 },
            "end": { "line": 24, "column": 44 }
          }
        ],
        "line": 24
      },
      "2": {
        "loc": {
          "start": { "line": 33, "column": 8 },
          "end": { "line": 33, "column": 38 }
        },
        "type": "binary-expr",
        "locations": [
          {
            "start": { "line": 33, "column": 8 },
            "end": { "line": 33, "column": 19 }
          },
          {
            "start": { "line": 33, "column": 23 },
            "end": { "line": 33, "column": 38 }
          }
        ],
        "line": 33
      },
      "3": {
        "loc": {
          "start": { "line": 54, "column": 4 },
          "end": { "line": 56, "column": 5 }
        },
        "type": "if",
        "locations": [
          {
            "start": { "line": 54, "column": 4 },
            "end": { "line": 56, "column": 5 }
          },
          {
            "start": { "line": 54, "column": 4 },
            "end": { "line": 56, "column": 5 }
          }
        ],
        "line": 54
      },
      "4": {
        "loc": {
          "start": { "line": 54, "column": 8 },
          "end": { "line": 54, "column": 33 }
        },
        "type": "binary-expr",
        "locations": [
          {
            "start": { "line": 54, "column": 8 },
            "end": { "line": 54, "column": 18 }
          },
          {
            "start": { "line": 54, "column": 22 },
            "end": { "line": 54, "column": 33 }
          }
        ],
        "line": 54
      },
      "5": {
        "loc": {
          "start": { "line": 58, "column": 4 },
          "end": { "line": 60, "column": 5 }
        },
        "type": "if",
        "locations": [
          {
            "start": { "line": 58, "column": 4 },
            "end": { "line": 60, "column": 5 }
          },
          {
            "start": { "line": 58, "column": 4 },
            "end": { "line": 60, "column": 5 }
          }
        ],
        "line": 58
      },
      "6": {
        "loc": {
          "start": { "line": 58, "column": 8 },
          "end": { "line": 58, "column": 33 }
        },
        "type": "binary-expr",
        "locations": [
          {
            "start": { "line": 58, "column": 8 },
            "end": { "line": 58, "column": 19 }
          },
          {
            "start": { "line": 58, "column": 23 },
            "end": { "line": 58, "column": 33 }
          }
        ],
        "line": 58
      }
    },
    "s": {
      "0": 2,
      "1": 2,
      "2": 2,
      "3": 10,
      "4": 10,
      "5": 10,
      "6": 10,
      "7": 10,
      "8": 8,
      "9": 2,
      "10": 10,
      "11": 2,
      "12": 2,
      "13": 10,
      "14": 2,
      "15": 8,
      "16": 8,
      "17": 2,
      "18": 6,
      "19": 0,
      "20": 6
    },
    "f": { "0": 10, "1": 2, "2": 10, "3": 2, "4": 8, "5": 8 },
    "b": {
      "0": [8, 2],
      "1": [2, 0],
      "2": [10, 0],
      "3": [2, 6],
      "4": [8, 8],
      "5": [0, 6],
      "6": [6, 0]
    },
    "_coverageSchema": "43e27e138ebf9cfc5966b082cf9a028302ed4184",
    "hash": "494e2dc724b867ac4d16d65ab94ba36db41f3e02"
  },
  "/Users/tning/Documents/mi-tao/sam-and-his-friends/utils/formatters/single-post-formatter.js": {
    "path": "/Users/tning/Documents/mi-tao/sam-and-his-friends/utils/formatters/single-post-formatter.js",
    "statementMap": {
      "0": {
        "start": { "line": 4, "column": 18 },
        "end": { "line": 4, "column": 34 }
      },
      "1": {
        "start": { "line": 5, "column": 20 },
        "end": { "line": 5, "column": 42 }
      },
      "2": {
        "start": { "line": 7, "column": 35 },
        "end": { "line": 7, "column": 75 }
      },
      "3": {
        "start": { "line": 11, "column": 4 },
        "end": { "line": 11, "column": 43 }
      },
      "4": {
        "start": { "line": 14, "column": 4 },
        "end": { "line": 14, "column": 56 }
      },
      "5": {
        "start": { "line": 15, "column": 26 },
        "end": { "line": 15, "column": 74 }
      },
      "6": {
        "start": { "line": 16, "column": 49 },
        "end": { "line": 16, "column": 78 }
      },
      "7": {
        "start": { "line": 19, "column": 1 },
        "end": { "line": 19, "column": 46 }
      },
      "8": {
        "start": { "line": 23, "column": 21 },
        "end": { "line": 23, "column": 66 }
      },
      "9": {
        "start": { "line": 24, "column": 1 },
        "end": { "line": 27, "column": 5 }
      },
      "10": {
        "start": { "line": 24, "column": 51 },
        "end": { "line": 27, "column": 2 }
      },
      "11": {
        "start": { "line": 31, "column": 17 },
        "end": { "line": 31, "column": 63 }
      },
      "12": {
        "start": { "line": 32, "column": 34 },
        "end": { "line": 32, "column": 41 }
      },
      "13": {
        "start": { "line": 35, "column": 2 },
        "end": { "line": 35, "column": 61 }
      },
      "14": {
        "start": { "line": 36, "column": 1 },
        "end": { "line": 36, "column": 47 }
      },
      "15": {
        "start": { "line": 44, "column": 0 },
        "end": { "line": 87, "column": 2 }
      },
      "16": {
        "start": { "line": 45, "column": 16 },
        "end": { "line": 45, "column": 76 }
      },
      "17": {
        "start": { "line": 47, "column": 27 },
        "end": { "line": 47, "column": 64 }
      },
      "18": {
        "start": { "line": 48, "column": 48 },
        "end": { "line": 48, "column": 56 }
      },
      "19": {
        "start": { "line": 49, "column": 21 },
        "end": { "line": 49, "column": 64 }
      },
      "20": {
        "start": { "line": 50, "column": 18 },
        "end": { "line": 50, "column": 78 }
      },
      "21": {
        "start": { "line": 51, "column": 14 },
        "end": { "line": 51, "column": 49 }
      },
      "22": {
        "start": { "line": 52, "column": 14 },
        "end": { "line": 52, "column": 43 }
      },
      "23": {
        "start": { "line": 53, "column": 20 },
        "end": { "line": 53, "column": 55 }
      },
      "24": {
        "start": { "line": 56, "column": 1 },
        "end": { "line": 66, "column": 2 }
      },
      "25": {
        "start": { "line": 57, "column": 16 },
        "end": { "line": 57, "column": 37 }
      },
      "26": {
        "start": { "line": 60, "column": 2 },
        "end": { "line": 63, "column": 5 }
      },
      "27": {
        "start": { "line": 65, "column": 2 },
        "end": { "line": 65, "column": 23 }
      },
      "28": {
        "start": { "line": 68, "column": 1 },
        "end": { "line": 86, "column": 3 }
      }
    },
    "fnMap": {
      "0": {
        "name": "getJsdom",
        "decl": {
          "start": { "line": 18, "column": 9 },
          "end": { "line": 18, "column": 17 }
        },
        "loc": {
          "start": { "line": 18, "column": 31 },
          "end": { "line": 20, "column": 1 }
        },
        "line": 18
      },
      "1": {
        "name": "getImages",
        "decl": {
          "start": { "line": 22, "column": 9 },
          "end": { "line": 22, "column": 18 }
        },
        "loc": {
          "start": { "line": 22, "column": 26 },
          "end": { "line": 28, "column": 1 }
        },
        "line": 22
      },
      "2": {
        "name": "(anonymous_2)",
        "decl": {
          "start": { "line": 24, "column": 36 },
          "end": { "line": 24, "column": 37 }
        },
        "loc": {
          "start": { "line": 24, "column": 51 },
          "end": { "line": 27, "column": 2 }
        },
        "line": 24
      },
      "3": {
        "name": "getExcerpt",
        "decl": {
          "start": { "line": 30, "column": 9 },
          "end": { "line": 30, "column": 19 }
        },
        "loc": {
          "start": { "line": 30, "column": 27 },
          "end": { "line": 37, "column": 1 }
        },
        "line": 30
      },
      "4": {
        "name": "singlePostFormatter",
        "decl": {
          "start": { "line": 44, "column": 45 },
          "end": { "line": 44, "column": 64 }
        },
        "loc": {
          "start": { "line": 44, "column": 75 },
          "end": { "line": 87, "column": 1 }
        },
        "line": 44
      }
    },
    "branchMap": {
      "0": {
        "loc": {
          "start": { "line": 18, "column": 18 },
          "end": { "line": 18, "column": 29 }
        },
        "type": "default-arg",
        "locations": [
          {
            "start": { "line": 18, "column": 27 },
            "end": { "line": 18, "column": 29 }
          }
        ],
        "line": 18
      },
      "1": {
        "loc": {
          "start": { "line": 26, "column": 10 },
          "end": { "line": 26, "column": 46 }
        },
        "type": "binary-expr",
        "locations": [
          {
            "start": { "line": 26, "column": 10 },
            "end": { "line": 26, "column": 40 }
          },
          {
            "start": { "line": 26, "column": 44 },
            "end": { "line": 26, "column": 46 }
          }
        ],
        "line": 26
      },
      "2": {
        "loc": {
          "start": { "line": 35, "column": 2 },
          "end": { "line": 35, "column": 61 }
        },
        "type": "cond-expr",
        "locations": [
          {
            "start": { "line": 35, "column": 40 },
            "end": { "line": 35, "column": 47 }
          },
          {
            "start": { "line": 35, "column": 50 },
            "end": { "line": 35, "column": 61 }
          }
        ],
        "line": 35
      },
      "3": {
        "loc": {
          "start": { "line": 35, "column": 2 },
          "end": { "line": 35, "column": 37 }
        },
        "type": "binary-expr",
        "locations": [
          {
            "start": { "line": 35, "column": 2 },
            "end": { "line": 35, "column": 9 }
          },
          {
            "start": { "line": 35, "column": 13 },
            "end": { "line": 35, "column": 37 }
          }
        ],
        "line": 35
      },
      "4": {
        "loc": {
          "start": { "line": 56, "column": 1 },
          "end": { "line": 66, "column": 2 }
        },
        "type": "if",
        "locations": [
          {
            "start": { "line": 56, "column": 1 },
            "end": { "line": 66, "column": 2 }
          },
          {
            "start": { "line": 56, "column": 1 },
            "end": { "line": 66, "column": 2 }
          }
        ],
        "line": 56
      },
      "5": {
        "loc": {
          "start": { "line": 78, "column": 8 },
          "end": { "line": 78, "column": 38 }
        },
        "type": "binary-expr",
        "locations": [
          {
            "start": { "line": 78, "column": 8 },
            "end": { "line": 78, "column": 19 }
          },
          {
            "start": { "line": 78, "column": 23 },
            "end": { "line": 78, "column": 38 }
          }
        ],
        "line": 78
      },
      "6": {
        "loc": {
          "start": { "line": 83, "column": 13 },
          "end": { "line": 83, "column": 51 }
        },
        "type": "binary-expr",
        "locations": [
          {
            "start": { "line": 83, "column": 13 },
            "end": { "line": 83, "column": 33 }
          },
          {
            "start": { "line": 83, "column": 37 },
            "end": { "line": 83, "column": 51 }
          }
        ],
        "line": 83
      }
    },
    "s": {
      "0": 3,
      "1": 3,
      "2": 3,
      "3": 3,
      "4": 3,
      "5": 3,
      "6": 3,
      "7": 2,
      "8": 2,
      "9": 2,
      "10": 0,
      "11": 2,
      "12": 2,
      "13": 2,
      "14": 2,
      "15": 3,
      "16": 2,
      "17": 2,
      "18": 2,
      "19": 2,
      "20": 2,
      "21": 2,
      "22": 2,
      "23": 2,
      "24": 2,
      "25": 2,
      "26": 2,
      "27": 2,
      "28": 2
    },
    "f": { "0": 2, "1": 2, "2": 0, "3": 2, "4": 2 },
    "b": {
      "0": [0],
      "1": [0, 0],
      "2": [0, 2],
      "3": [2, 1],
      "4": [2, 0],
      "5": [2, 1],
      "6": [2, 2]
    },
    "_coverageSchema": "43e27e138ebf9cfc5966b082cf9a028302ed4184",
    "hash": "55192f1d3006cd4ff9d9f4fed3a477f9a6184490"
  },
  "/Users/tning/Documents/mi-tao/sam-and-his-friends/utils/formatters/tags-formatter.js": {
    "path": "/Users/tning/Documents/mi-tao/sam-and-his-friends/utils/formatters/tags-formatter.js",
    "statementMap": {
      "0": {
        "start": { "line": 5, "column": 23 },
        "end": { "line": 5, "column": 52 }
      },
      "1": {
        "start": { "line": 12, "column": 0 },
        "end": { "line": 17, "column": 2 }
      },
      "2": {
        "start": { "line": 13, "column": 14 },
        "end": { "line": 13, "column": 36 }
      },
      "3": {
        "start": { "line": 16, "column": 1 },
        "end": { "line": 16, "column": 45 }
      }
    },
    "fnMap": {
      "0": {
        "name": "tagsFormatter",
        "decl": {
          "start": { "line": 12, "column": 33 },
          "end": { "line": 12, "column": 46 }
        },
        "loc": {
          "start": { "line": 12, "column": 59 },
          "end": { "line": 17, "column": 1 }
        },
        "line": 12
      }
    },
    "branchMap": {
      "0": {
        "loc": {
          "start": { "line": 16, "column": 8 },
          "end": { "line": 16, "column": 44 }
        },
        "type": "cond-expr",
        "locations": [
          {
            "start": { "line": 16, "column": 30 },
            "end": { "line": 16, "column": 39 }
          },
          {
            "start": { "line": 16, "column": 42 },
            "end": { "line": 16, "column": 44 }
          }
        ],
        "line": 16
      }
    },
    "s": { "0": 3, "1": 3, "2": 12, "3": 12 },
    "f": { "0": 12 },
    "b": { "0": [11, 1] },
    "_coverageSchema": "43e27e138ebf9cfc5966b082cf9a028302ed4184",
    "hash": "8977c77679552b2f9723bf7bc38c8448dccfc58e"
  },
  "/Users/tning/Documents/mi-tao/sam-and-his-friends/views/hbs-helpers/date-formatter.js": {
    "path": "/Users/tning/Documents/mi-tao/sam-and-his-friends/views/hbs-helpers/date-formatter.js",
    "statementMap": {
      "0": {
        "start": { "line": 1, "column": 12 },
        "end": { "line": 1, "column": 26 }
      },
      "1": {
        "start": { "line": 2, "column": 15 },
        "end": { "line": 2, "column": 32 }
      },
      "2": {
        "start": { "line": 4, "column": 0 },
        "end": { "line": 4, "column": 23 }
      },
      "3": {
        "start": { "line": 6, "column": 0 },
        "end": { "line": 6, "column": 71 }
      },
      "4": {
        "start": { "line": 6, "column": 44 },
        "end": { "line": 6, "column": 69 }
      }
    },
    "fnMap": {
      "0": {
        "name": "(anonymous_0)",
        "decl": {
          "start": { "line": 6, "column": 36 },
          "end": { "line": 6, "column": 37 }
        },
        "loc": {
          "start": { "line": 6, "column": 44 },
          "end": { "line": 6, "column": 69 }
        },
        "line": 6
      }
    },
    "branchMap": {},
    "s": { "0": 2, "1": 2, "2": 2, "3": 2, "4": 0 },
    "f": { "0": 0 },
    "b": {},
    "_coverageSchema": "43e27e138ebf9cfc5966b082cf9a028302ed4184",
    "hash": "b640273a40a6fb5475e6d98c5b179238ea924b55"
  },
  "/Users/tning/Documents/mi-tao/sam-and-his-friends/views/hbs-helpers/eq.js": {
    "path": "/Users/tning/Documents/mi-tao/sam-and-his-friends/views/hbs-helpers/eq.js",
    "statementMap": {
      "0": {
        "start": { "line": 1, "column": 12 },
        "end": { "line": 1, "column": 26 }
      },
      "1": {
        "start": { "line": 3, "column": 0 },
        "end": { "line": 3, "column": 70 }
      },
      "2": {
        "start": { "line": 3, "column": 45 },
        "end": { "line": 3, "column": 67 }
      }
    },
    "fnMap": {
      "0": {
        "name": "(anonymous_0)",
        "decl": {
          "start": { "line": 3, "column": 25 },
          "end": { "line": 3, "column": 26 }
        },
        "loc": {
          "start": { "line": 3, "column": 45 },
          "end": { "line": 3, "column": 67 }
        },
        "line": 3
      }
    },
    "branchMap": {
      "0": {
        "loc": {
          "start": { "line": 3, "column": 45 },
          "end": { "line": 3, "column": 67 }
        },
        "type": "cond-expr",
        "locations": [
          {
            "start": { "line": 3, "column": 59 },
            "end": { "line": 3, "column": 62 }
          },
          {
            "start": { "line": 3, "column": 65 },
            "end": { "line": 3, "column": 67 }
          }
        ],
        "line": 3
      }
    },
    "s": { "0": 2, "1": 2, "2": 0 },
    "f": { "0": 0 },
    "b": { "0": [0, 0] },
    "_coverageSchema": "43e27e138ebf9cfc5966b082cf9a028302ed4184",
    "hash": "61eb32baf63cd5f99c11e0e1d2dfc2486cdbf046"
  },
  "/Users/tning/Documents/mi-tao/sam-and-his-friends/views/hbs-helpers/full-name.js": {
    "path": "/Users/tning/Documents/mi-tao/sam-and-his-friends/views/hbs-helpers/full-name.js",
    "statementMap": {
      "0": {
        "start": { "line": 1, "column": 12 },
        "end": { "line": 1, "column": 26 }
      },
      "1": {
        "start": { "line": 3, "column": 0 },
        "end": { "line": 5, "column": 3 }
      },
      "2": {
        "start": { "line": 4, "column": 1 },
        "end": { "line": 4, "column": 35 }
      }
    },
    "fnMap": {
      "0": {
        "name": "(anonymous_0)",
        "decl": {
          "start": { "line": 3, "column": 31 },
          "end": { "line": 3, "column": 32 }
        },
        "loc": {
          "start": { "line": 3, "column": 56 },
          "end": { "line": 5, "column": 1 }
        },
        "line": 3
      }
    },
    "branchMap": {},
    "s": { "0": 2, "1": 2, "2": 0 },
    "f": { "0": 0 },
    "b": {},
    "_coverageSchema": "43e27e138ebf9cfc5966b082cf9a028302ed4184",
    "hash": "181d9f447f98e11a4a42c15278a5d80015836ee2"
  },
  "/Users/tning/Documents/mi-tao/sam-and-his-friends/views/hbs-helpers/index.js": {
    "path": "/Users/tning/Documents/mi-tao/sam-and-his-friends/views/hbs-helpers/index.js",
    "statementMap": {
      "0": {
        "start": { "line": 1, "column": 0 },
        "end": { "line": 1, "column": 50 }
      },
      "1": {
        "start": { "line": 2, "column": 0 },
        "end": { "line": 2, "column": 38 }
      },
      "2": {
        "start": { "line": 3, "column": 0 },
        "end": { "line": 3, "column": 45 }
      },
      "3": {
        "start": { "line": 4, "column": 0 },
        "end": { "line": 4, "column": 47 }
      },
      "4": {
        "start": { "line": 5, "column": 0 },
        "end": { "line": 5, "column": 37 }
      }
    },
    "fnMap": {},
    "branchMap": {},
    "s": { "0": 2, "1": 2, "2": 2, "3": 2, "4": 2 },
    "f": {},
    "b": {},
    "_coverageSchema": "43e27e138ebf9cfc5966b082cf9a028302ed4184",
    "hash": "8bc6652a91783a65a9ddb4de645d74d0be3d52fb"
  },
  "/Users/tning/Documents/mi-tao/sam-and-his-friends/views/hbs-helpers/str-preview.js": {
    "path": "/Users/tning/Documents/mi-tao/sam-and-his-friends/views/hbs-helpers/str-preview.js",
    "statementMap": {
      "0": {
        "start": { "line": 1, "column": 12 },
        "end": { "line": 1, "column": 26 }
      },
      "1": {
        "start": { "line": 3, "column": 23 },
        "end": { "line": 3, "column": 26 }
      },
      "2": {
        "start": { "line": 5, "column": 0 },
        "end": { "line": 9, "column": 3 }
      },
      "3": {
        "start": { "line": 6, "column": 44 },
        "end": { "line": 6, "column": 48 }
      },
      "4": {
        "start": { "line": 7, "column": 23 },
        "end": { "line": 7, "column": 49 }
      },
      "5": {
        "start": { "line": 8, "column": 1 },
        "end": { "line": 8, "column": 70 }
      }
    },
    "fnMap": {
      "0": {
        "name": "(anonymous_0)",
        "decl": {
          "start": { "line": 5, "column": 33 },
          "end": { "line": 5, "column": 34 }
        },
        "loc": {
          "start": { "line": 5, "column": 62 },
          "end": { "line": 9, "column": 1 }
        },
        "line": 5
      }
    },
    "branchMap": {
      "0": {
        "loc": {
          "start": { "line": 5, "column": 39 },
          "end": { "line": 5, "column": 57 }
        },
        "type": "default-arg",
        "locations": [
          {
            "start": { "line": 5, "column": 55 },
            "end": { "line": 5, "column": 57 }
          }
        ],
        "line": 5
      },
      "1": {
        "loc": {
          "start": { "line": 5, "column": 41 },
          "end": { "line": 5, "column": 50 }
        },
        "type": "default-arg",
        "locations": [
          {
            "start": { "line": 5, "column": 48 },
            "end": { "line": 5, "column": 50 }
          }
        ],
        "line": 5
      },
      "2": {
        "loc": {
          "start": { "line": 6, "column": 9 },
          "end": { "line": 6, "column": 39 }
        },
        "type": "default-arg",
        "locations": [
          {
            "start": { "line": 6, "column": 25 },
            "end": { "line": 6, "column": 39 }
          }
        ],
        "line": 6
      },
      "3": {
        "loc": {
          "start": { "line": 8, "column": 8 },
          "end": { "line": 8, "column": 69 }
        },
        "type": "cond-expr",
        "locations": [
          {
            "start": { "line": 8, "column": 24 },
            "end": { "line": 8, "column": 63 }
          },
          {
            "start": { "line": 8, "column": 66 },
            "end": { "line": 8, "column": 69 }
          }
        ],
        "line": 8
      }
    },
    "s": { "0": 2, "1": 2, "2": 2, "3": 0, "4": 0, "5": 0 },
    "f": { "0": 0 },
    "b": { "0": [0], "1": [0], "2": [0], "3": [0, 0] },
    "_coverageSchema": "43e27e138ebf9cfc5966b082cf9a028302ed4184",
    "hash": "e55f207cac1065847055b9eba0d721be9e0ee964"
  },
  "/Users/tning/Documents/mi-tao/sam-and-his-friends/views/hbs-helpers/t.js": {
    "path": "/Users/tning/Documents/mi-tao/sam-and-his-friends/views/hbs-helpers/t.js",
    "statementMap": {
      "0": {
        "start": { "line": 1, "column": 12 },
        "end": { "line": 1, "column": 26 }
      },
      "1": {
        "start": { "line": 2, "column": 17 },
        "end": { "line": 2, "column": 41 }
      },
      "2": {
        "start": { "line": 4, "column": 15 },
        "end": { "line": 4, "column": 47 }
      },
      "3": {
        "start": { "line": 6, "column": 17 },
        "end": { "line": 6, "column": 31 }
      },
      "4": {
        "start": { "line": 8, "column": 0 },
        "end": { "line": 8, "column": 24 }
      },
      "5": {
        "start": { "line": 10, "column": 0 },
        "end": { "line": 12, "column": 3 }
      },
      "6": {
        "start": { "line": 11, "column": 1 },
        "end": { "line": 11, "column": 30 }
      }
    },
    "fnMap": {
      "0": {
        "name": "(anonymous_0)",
        "decl": {
          "start": { "line": 10, "column": 24 },
          "end": { "line": 10, "column": 25 }
        },
        "loc": {
          "start": { "line": 10, "column": 43 },
          "end": { "line": 12, "column": 1 }
        },
        "line": 10
      }
    },
    "branchMap": {},
    "s": { "0": 2, "1": 2, "2": 2, "3": 2, "4": 2, "5": 2, "6": 6 },
    "f": { "0": 6 },
    "b": {},
    "_coverageSchema": "43e27e138ebf9cfc5966b082cf9a028302ed4184",
    "hash": "c926e5140d192b900d86e02377353ac3bda0a9ae"
  }
}
