TN:
SF:/Users/tning/Documents/mi-tao/sam-and-his-friends/app.js
FN:16,(anonymous_0)
FN:32,(anonymous_1)
FN:38,(anonymous_2)
FNF:3
FNH:2
FNDA:3,(anonymous_0)
FNDA:0,(anonymous_1)
FNDA:3,(anonymous_2)
DA:1,2
DA:2,2
DA:3,2
DA:4,2
DA:5,2
DA:6,2
DA:8,2
DA:9,2
DA:11,2
DA:12,2
DA:13,2
DA:14,2
DA:16,2
DA:17,3
DA:18,3
DA:19,3
DA:21,3
DA:22,3
DA:23,3
DA:24,3
DA:26,3
DA:28,3
DA:29,3
DA:32,3
DA:33,0
DA:38,3
DA:41,3
DA:44,3
DA:46,3
DA:48,3
DA:49,0
DA:54,3
DA:63,3
LF:33
LH:31
BRDA:16,0,0,3
BRDA:44,1,0,3
BRDA:44,1,1,0
BRDA:46,2,0,3
BRDA:46,2,1,3
BRDA:48,3,0,0
BRDA:48,3,1,3
BRF:7
BRH:5
end_of_record
TN:
SF:/Users/tning/Documents/mi-tao/sam-and-his-friends/data/cache/active-users.js
FN:20,(anonymous_0)
FN:24,(anonymous_1)
FN:28,(anonymous_2)
FN:36,addActiveUserToCache
FN:49,addActiveUsersToCache
FN:51,(anonymous_5)
FN:63,getActiveUserFromCache
FN:69,(anonymous_7)
FNF:8
FNH:5
FNDA:0,(anonymous_0)
FNDA:0,(anonymous_1)
FNDA:0,(anonymous_2)
FNDA:38,addActiveUserToCache
FNDA:5,addActiveUsersToCache
FNDA:38,(anonymous_5)
FNDA:20,getActiveUserFromCache
FNDA:20,(anonymous_7)
DA:6,4
DA:7,4
DA:8,4
DA:10,4
DA:11,4
DA:13,4
DA:14,4
DA:15,4
DA:20,4
DA:21,0
DA:24,4
DA:25,0
DA:28,4
DA:29,0
DA:37,38
DA:49,4
DA:50,5
DA:51,38
DA:54,0
DA:63,4
DA:64,20
DA:69,20
LF:22
LH:18
BRDA:14,0,0,4
BRDA:14,0,1,0
BRDA:16,1,0,4
BRDA:16,1,1,0
BRDA:17,2,0,4
BRDA:17,2,1,0
BRDA:50,3,0,5
BRDA:50,3,1,0
BRDA:69,4,0,20
BRDA:69,4,1,0
BRF:10
BRH:5
end_of_record
TN:
SF:/Users/tning/Documents/mi-tao/sam-and-his-friends/data/cache/single-post.js
FN:20,(anonymous_0)
FN:24,(anonymous_1)
FN:28,(anonymous_2)
FN:36,addPostToCache
FN:50,getPostFromCache
FN:56,(anonymous_5)
FNF:6
FNH:3
FNDA:0,(anonymous_0)
FNDA:0,(anonymous_1)
FNDA:0,(anonymous_2)
FNDA:2,addPostToCache
FNDA:12,getPostFromCache
FNDA:12,(anonymous_5)
DA:6,3
DA:7,3
DA:8,3
DA:10,3
DA:11,3
DA:13,3
DA:14,3
DA:15,3
DA:20,3
DA:21,0
DA:24,3
DA:25,0
DA:28,3
DA:29,0
DA:36,3
DA:37,2
DA:50,3
DA:51,12
DA:56,12
LF:19
LH:16
BRDA:14,0,0,3
BRDA:14,0,1,0
BRDA:16,1,0,3
BRDA:16,1,1,0
BRDA:17,2,0,3
BRDA:17,2,1,0
BRDA:56,3,0,0
BRDA:56,3,1,12
BRF:8
BRH:4
end_of_record
TN:
SF:/Users/tning/Documents/mi-tao/sam-and-his-friends/data/request/index.js
FN:20,getFullpath
FN:30,request
FNF:2
FNH:2
FNDA:9,getFullpath
FNDA:9,request
DA:6,3
DA:8,3
DA:9,3
DA:10,3
DA:12,3
DA:13,1
DA:21,9
DA:30,3
DA:31,9
DA:32,9
DA:33,9
LF:11
LH:11
BRDA:12,0,0,1
BRDA:12,0,1,2
BRDA:30,1,0,0
BRDA:31,2,0,2
BRF:4
BRH:3
end_of_record
TN:
SF:/Users/tning/Documents/mi-tao/sam-and-his-friends/data/request/interceptors.js
FN:12,getFullUrlFromRequest
FN:18,(anonymous_1)
FNF:2
FNH:0
FNDA:0,getFullUrlFromRequest
FNDA:0,(anonymous_1)
DA:6,4
DA:12,4
DA:13,0
DA:14,0
DA:16,0
DA:18,0
DA:19,0
DA:20,0
DA:21,0
DA:24,0
DA:26,0
LF:11
LH:2
BRDA:16,0,0,0
BRDA:16,0,1,0
BRDA:19,1,0,0
BRDA:19,1,1,0
BRF:4
BRH:0
end_of_record
TN:
SF:/Users/tning/Documents/mi-tao/sam-and-his-friends/locale/zh-cn.js
FNF:0
FNH:0
DA:1,2
LF:1
LH:1
BRF:0
BRH:0
end_of_record
TN:
SF:/Users/tning/Documents/mi-tao/sam-and-his-friends/routes/index.js
FN:34,_getPosts
FN:51,_getMiniPosts
FN:67,_getActiveUsers
FN:78,(anonymous_3)
FN:93,(anonymous_4)
FN:94,(anonymous_5)
FNF:6
FNH:6
FNDA:2,_getPosts
FNDA:2,_getMiniPosts
FNDA:2,_getActiveUsers
FNDA:28,(anonymous_3)
FNDA:3,(anonymous_4)
FNDA:2,(anonymous_5)
DA:5,2
DA:9,2
DA:12,2
DA:13,2
DA:14,2
DA:27,2
DA:28,2
DA:32,2
DA:35,2
DA:42,2
DA:44,2
DA:46,2
DA:48,2
DA:52,2
DA:62,2
DA:64,2
DA:68,2
DA:75,2
DA:77,2
DA:78,28
DA:81,2
DA:83,2
DA:85,2
DA:93,2
DA:94,3
DA:95,2
DA:97,2
DA:98,2
DA:99,2
DA:101,2
DA:103,2
DA:105,2
DA:121,3
LF:33
LH:33
BRDA:93,0,0,3
BRDA:95,1,0,2
BRDA:95,2,0,1
BRDA:103,3,0,2
BRDA:103,3,1,0
BRF:5
BRH:4
end_of_record
TN:
SF:/Users/tning/Documents/mi-tao/sam-and-his-friends/routes/single-post.js
FN:24,getMetaTags
FN:71,(anonymous_1)
FN:72,(anonymous_2)
FNF:3
FNH:3
FNDA:1,getMetaTags
FNDA:3,(anonymous_1)
FNDA:1,(anonymous_2)
DA:5,2
DA:9,2
DA:10,2
DA:17,2
DA:18,2
DA:21,2
DA:22,2
DA:25,1
DA:71,2
DA:72,3
DA:73,1
DA:77,1
DA:81,1
DA:83,1
DA:84,1
DA:86,1
DA:95,3
LF:17
LH:17
BRDA:42,0,0,1
BRDA:42,0,1,0
BRDA:42,0,2,1
BRDA:57,1,0,1
BRDA:57,1,1,0
BRDA:57,1,2,1
BRDA:71,2,0,3
BRF:7
BRH:5
end_of_record
TN:
SF:/Users/tning/Documents/mi-tao/sam-and-his-friends/test/test-helpers/mock-data.js
FNF:0
FNH:0
DA:1,8
DA:25,8
DA:55,8
DA:77,8
DA:98,8
DA:121,8
DA:138,8
DA:201,8
DA:255,8
DA:418,8
DA:419,8
DA:420,8
DA:421,8
DA:422,8
DA:424,8
LF:15
LH:15
BRF:0
BRH:0
end_of_record
TN:
SF:/Users/tning/Documents/mi-tao/sam-and-his-friends/test/test-helpers/redis-mock.js
FN:10,(anonymous_0)
FN:12,(anonymous_1)
FN:13,(anonymous_2)
FN:14,(anonymous_3)
FN:22,(anonymous_4)
FNF:5
FNH:5
FNDA:7,(anonymous_0)
FNDA:21,(anonymous_1)
FNDA:40,(anonymous_2)
FNDA:32,(anonymous_3)
FNDA:83,(anonymous_4)
DA:1,4
DA:2,4
DA:4,4
DA:9,4
DA:11,7
DA:13,40
DA:15,32
DA:16,0
DA:19,32
DA:20,32
DA:21,32
DA:22,83
DA:25,32
LF:13
LH:12
BRDA:15,0,0,0
BRDA:15,0,1,32
BRF:2
BRH:1
end_of_record
TN:
SF:/Users/tning/Documents/mi-tao/sam-and-his-friends/utils/config.js
FNF:0
FNH:0
DA:1,8
DA:3,8
DA:6,8
DA:7,8
DA:8,8
DA:15,8
DA:18,8
DA:20,8
DA:21,8
DA:23,8
DA:39,8
DA:41,8
DA:43,8
DA:50,8
DA:95,8
DA:97,8
DA:108,8
DA:126,8
DA:141,8
DA:157,8
DA:158,8
DA:159,8
LF:22
LH:22
BRF:0
BRH:0
end_of_record
TN:
SF:/Users/tning/Documents/mi-tao/sam-and-his-friends/utils/constants.js
FN:24,(anonymous_0)
FN:28,(anonymous_1)
FNF:2
FNH:2
FNDA:2,(anonymous_0)
FNDA:1,(anonymous_1)
DA:1,6
DA:21,6
DA:25,2
DA:26,2
DA:29,1
DA:34,6
DA:41,6
LF:7
LH:7
BRDA:26,0,0,1
BRDA:26,0,1,1
BRF:2
BRH:2
end_of_record
TN:
SF:/Users/tning/Documents/mi-tao/sam-and-his-friends/utils/isPro.js
FN:8,(anonymous_0)
FNF:1
FNH:1
FNDA:6,(anonymous_0)
DA:8,6
LF:1
LH:1
BRF:0
BRH:0
end_of_record
TN:
SF:/Users/tning/Documents/mi-tao/sam-and-his-friends/utils/formatters/active-users-formatter.js
FN:12,activeUserFormatter
FN:35,activeUsersFormatter
FN:36,(anonymous_2)
FNF:3
FNH:3
FNDA:41,activeUserFormatter
FNDA:6,activeUsersFormatter
FNDA:41,(anonymous_2)
DA:5,3
DA:13,41
DA:14,41
DA:17,41
DA:19,41
DA:25,41
DA:27,41
DA:35,3
DA:36,41
LF:9
LH:9
BRF:0
BRH:0
end_of_record
TN:
SF:/Users/tning/Documents/mi-tao/sam-and-his-friends/utils/formatters/comments-formatter.js
FN:12,commentFormatter
FN:33,commentsFormatter
FN:34,(anonymous_2)
FN:35,(anonymous_3)
FN:35,(anonymous_4)
FNF:5
FNH:5
FNDA:8,commentFormatter
FNDA:3,commentsFormatter
FNDA:8,(anonymous_2)
FNDA:3,(anonymous_3)
FNDA:8,(anonymous_4)
DA:5,4
DA:14,8
DA:16,8
DA:33,4
DA:34,8
DA:35,8
LF:6
LH:6
BRDA:14,0,0,8
BRDA:14,0,1,0
BRDA:17,1,0,8
BRDA:17,1,1,0
BRF:4
BRH:2
end_of_record
TN:
SF:/Users/tning/Documents/mi-tao/sam-and-his-friends/utils/formatters/mini-posts-formatter.js
FN:10,miniPostFormatter
FN:25,miniPostsFormatter
FN:27,(anonymous_2)
FN:28,(anonymous_3)
FNF:4
FNH:4
FNDA:31,miniPostFormatter
FNDA:3,miniPostsFormatter
FNDA:31,(anonymous_2)
FNDA:31,(anonymous_3)
DA:11,31
DA:25,3
DA:26,3
DA:27,31
DA:28,31
LF:5
LH:5
BRF:0
BRH:0
end_of_record
TN:
SF:/Users/tning/Documents/mi-tao/sam-and-his-friends/utils/formatters/posts-formatter.js
FN:13,postFormatter
FN:49,postsFormatter
FN:50,(anonymous_2)
FN:50,(anonymous_3)
FN:52,(anonymous_4)
FN:53,(anonymous_5)
FNF:6
FNH:6
FNDA:10,postFormatter
FNDA:2,postsFormatter
FNDA:10,(anonymous_2)
FNDA:2,(anonymous_3)
FNDA:8,(anonymous_4)
FNDA:8,(anonymous_5)
DA:5,2
DA:6,2
DA:7,2
DA:15,10
DA:16,10
DA:18,10
DA:19,10
DA:20,10
DA:22,8
DA:24,2
DA:27,10
DA:49,2
DA:50,10
DA:51,2
DA:52,8
DA:54,8
DA:55,2
DA:58,6
DA:59,0
DA:62,6
LF:20
LH:19
BRDA:20,0,0,8
BRDA:20,0,1,2
BRDA:24,1,0,2
BRDA:24,1,1,0
BRDA:33,2,0,10
BRDA:33,2,1,0
BRDA:54,3,0,2
BRDA:54,3,1,6
BRDA:54,4,0,8
BRDA:54,4,1,8
BRDA:58,5,0,0
BRDA:58,5,1,6
BRDA:58,6,0,6
BRDA:58,6,1,0
BRF:14
BRH:10
end_of_record
TN:
SF:/Users/tning/Documents/mi-tao/sam-and-his-friends/utils/formatters/single-post-formatter.js
FN:18,getJsdom
FN:22,getImages
FN:24,(anonymous_2)
FN:30,getExcerpt
FN:44,singlePostFormatter
FNF:5
FNH:4
FNDA:2,getJsdom
FNDA:2,getImages
FNDA:0,(anonymous_2)
FNDA:2,getExcerpt
FNDA:2,singlePostFormatter
DA:4,3
DA:5,3
DA:7,3
DA:11,3
DA:14,3
DA:15,3
DA:16,3
DA:19,2
DA:23,2
DA:24,2
DA:31,2
DA:32,2
DA:35,2
DA:36,2
DA:44,3
DA:45,2
DA:47,2
DA:48,2
DA:49,2
DA:50,2
DA:51,2
DA:52,2
DA:53,2
DA:56,2
DA:57,2
DA:60,2
DA:65,2
DA:68,2
LF:28
LH:28
BRDA:18,0,0,0
BRDA:26,1,0,0
BRDA:26,1,1,0
BRDA:35,2,0,0
BRDA:35,2,1,2
BRDA:35,3,0,2
BRDA:35,3,1,1
BRDA:56,4,0,2
BRDA:56,4,1,0
BRDA:78,5,0,2
BRDA:78,5,1,1
BRDA:83,6,0,2
BRDA:83,6,1,2
BRF:13
BRH:8
end_of_record
TN:
SF:/Users/tning/Documents/mi-tao/sam-and-his-friends/utils/formatters/tags-formatter.js
FN:12,tagsFormatter
FNF:1
FNH:1
FNDA:12,tagsFormatter
DA:5,3
DA:12,3
DA:13,12
DA:16,12
LF:4
LH:4
BRDA:16,0,0,11
BRDA:16,0,1,1
BRF:2
BRH:2
end_of_record
TN:
SF:/Users/tning/Documents/mi-tao/sam-and-his-friends/views/hbs-helpers/date-formatter.js
FN:6,(anonymous_0)
FNF:1
FNH:0
FNDA:0,(anonymous_0)
DA:1,2
DA:2,2
DA:4,2
DA:6,2
LF:4
LH:4
BRF:0
BRH:0
end_of_record
TN:
SF:/Users/tning/Documents/mi-tao/sam-and-his-friends/views/hbs-helpers/eq.js
FN:3,(anonymous_0)
FNF:1
FNH:0
FNDA:0,(anonymous_0)
DA:1,2
DA:3,2
LF:2
LH:2
BRDA:3,0,0,0
BRDA:3,0,1,0
BRF:2
BRH:0
end_of_record
TN:
SF:/Users/tning/Documents/mi-tao/sam-and-his-friends/views/hbs-helpers/full-name.js
FN:3,(anonymous_0)
FNF:1
FNH:0
FNDA:0,(anonymous_0)
DA:1,2
DA:3,2
DA:4,0
LF:3
LH:2
BRF:0
BRH:0
end_of_record
TN:
SF:/Users/tning/Documents/mi-tao/sam-and-his-friends/views/hbs-helpers/index.js
FNF:0
FNH:0
DA:1,2
DA:2,2
DA:3,2
DA:4,2
DA:5,2
LF:5
LH:5
BRF:0
BRH:0
end_of_record
TN:
SF:/Users/tning/Documents/mi-tao/sam-and-his-friends/views/hbs-helpers/str-preview.js
FN:5,(anonymous_0)
FNF:1
FNH:0
FNDA:0,(anonymous_0)
DA:1,2
DA:3,2
DA:5,2
DA:6,0
DA:7,0
DA:8,0
LF:6
LH:3
BRDA:5,0,0,0
BRDA:5,1,0,0
BRDA:6,2,0,0
BRDA:8,3,0,0
BRDA:8,3,1,0
BRF:5
BRH:0
end_of_record
TN:
SF:/Users/tning/Documents/mi-tao/sam-and-his-friends/views/hbs-helpers/t.js
FN:10,(anonymous_0)
FNF:1
FNH:1
FNDA:6,(anonymous_0)
DA:1,2
DA:2,2
DA:4,2
DA:6,2
DA:8,2
DA:10,2
DA:11,6
LF:7
LH:7
BRF:0
BRH:0
end_of_record
